[debug] [2023-04-01T20:37:42.085Z] ----------------------------------------------------------------------
[debug] [2023-04-01T20:37:42.087Z] Command:       C:\Program Files\nodejs\node.exe C:\Users\Mohamed Abuabied\AppData\Roaming\npm\node_modules\firebase-tools\lib\bin\firebase.js deploy
[debug] [2023-04-01T20:37:42.087Z] CLI Version:   11.25.2
[debug] [2023-04-01T20:37:42.087Z] Platform:      win32
[debug] [2023-04-01T20:37:42.087Z] Node Version:  v18.14.1
[debug] [2023-04-01T20:37:42.088Z] Time:          Sat Apr 01 2023 23:37:42 GMT+0300 (Israel Daylight Time)
[debug] [2023-04-01T20:37:42.089Z] ----------------------------------------------------------------------
[debug] 
[debug] [2023-04-01T20:37:42.157Z] > command requires scopes: ["email","openid","https://www.googleapis.com/auth/cloudplatformprojects.readonly","https://www.googleapis.com/auth/firebase","https://www.googleapis.com/auth/cloud-platform"]
[debug] [2023-04-01T20:37:42.158Z] > authorizing via signed-in user (mohamed.abuabied@gmail.com)
[debug] [2023-04-01T20:37:42.158Z] [iam] checking project epicure-server-1 for permissions ["cloudfunctions.functions.create","cloudfunctions.functions.delete","cloudfunctions.functions.get","cloudfunctions.functions.list","cloudfunctions.functions.update","cloudfunctions.operations.get","firebase.projects.get","firebasehosting.sites.update"]
[debug] [2023-04-01T20:37:42.160Z] >>> [apiv2][query] POST https://cloudresourcemanager.googleapis.com/v1/projects/epicure-server-1:testIamPermissions [none]
[debug] [2023-04-01T20:37:42.161Z] >>> [apiv2][(partial)header] POST https://cloudresourcemanager.googleapis.com/v1/projects/epicure-server-1:testIamPermissions x-goog-quota-user=projects/epicure-server-1
[debug] [2023-04-01T20:37:42.161Z] >>> [apiv2][body] POST https://cloudresourcemanager.googleapis.com/v1/projects/epicure-server-1:testIamPermissions {"permissions":["cloudfunctions.functions.create","cloudfunctions.functions.delete","cloudfunctions.functions.get","cloudfunctions.functions.list","cloudfunctions.functions.update","cloudfunctions.operations.get","firebase.projects.get","firebasehosting.sites.update"]}
[debug] [2023-04-01T20:37:43.775Z] <<< [apiv2][status] POST https://cloudresourcemanager.googleapis.com/v1/projects/epicure-server-1:testIamPermissions 200
[debug] [2023-04-01T20:37:43.775Z] <<< [apiv2][body] POST https://cloudresourcemanager.googleapis.com/v1/projects/epicure-server-1:testIamPermissions {"permissions":["cloudfunctions.functions.create","cloudfunctions.functions.delete","cloudfunctions.functions.get","cloudfunctions.functions.list","cloudfunctions.functions.update","cloudfunctions.operations.get","firebase.projects.get","firebasehosting.sites.update"]}
[debug] [2023-04-01T20:37:43.776Z] >>> [apiv2][query] POST https://iam.googleapis.com/v1/projects/epicure-server-1/serviceAccounts/epicure-server-1@appspot.gserviceaccount.com:testIamPermissions [none]
[debug] [2023-04-01T20:37:43.776Z] >>> [apiv2][body] POST https://iam.googleapis.com/v1/projects/epicure-server-1/serviceAccounts/epicure-server-1@appspot.gserviceaccount.com:testIamPermissions {"permissions":["iam.serviceAccounts.actAs"]}
[debug] [2023-04-01T20:37:45.036Z] <<< [apiv2][status] POST https://iam.googleapis.com/v1/projects/epicure-server-1/serviceAccounts/epicure-server-1@appspot.gserviceaccount.com:testIamPermissions 200
[debug] [2023-04-01T20:37:45.036Z] <<< [apiv2][body] POST https://iam.googleapis.com/v1/projects/epicure-server-1/serviceAccounts/epicure-server-1@appspot.gserviceaccount.com:testIamPermissions {"permissions":["iam.serviceAccounts.actAs"]}
[debug] [2023-04-01T20:37:45.037Z] >>> [apiv2][query] GET https://firebase.googleapis.com/v1beta1/projects/epicure-server-1 [none]
[debug] [2023-04-01T20:37:45.838Z] <<< [apiv2][status] GET https://firebase.googleapis.com/v1beta1/projects/epicure-server-1 200
[debug] [2023-04-01T20:37:45.838Z] <<< [apiv2][body] GET https://firebase.googleapis.com/v1beta1/projects/epicure-server-1 {"projectId":"epicure-server-1","projectNumber":"454553151846","displayName":"Epicure-Server-1","name":"projects/epicure-server-1","resources":{"hostingSite":"epicure-server-1"},"state":"ACTIVE","etag":"1_582a0a91-da49-4894-bc72-1b2038d69154"}
[info] 
[info] === Deploying to 'epicure-server-1'...
[info] 
[info] i  deploying functions, hosting 
[info] Running command: npm --prefix "$RESOURCE_DIR" run build
[info] +  functions: Finished running predeploy script. 
[debug] [2023-04-01T20:37:51.568Z] >>> [apiv2][query] GET https://firebase.googleapis.com/v1beta1/projects/epicure-server-1 [none]
[debug] [2023-04-01T20:37:51.964Z] <<< [apiv2][status] GET https://firebase.googleapis.com/v1beta1/projects/epicure-server-1 200
[debug] [2023-04-01T20:37:51.964Z] <<< [apiv2][body] GET https://firebase.googleapis.com/v1beta1/projects/epicure-server-1 {"projectId":"epicure-server-1","projectNumber":"454553151846","displayName":"Epicure-Server-1","name":"projects/epicure-server-1","resources":{"hostingSite":"epicure-server-1"},"state":"ACTIVE","etag":"1_582a0a91-da49-4894-bc72-1b2038d69154"}
[info] i  functions: preparing codebase default for deployment 
[info] i  functions: ensuring required API cloudfunctions.googleapis.com is enabled... 
[info] i  functions: ensuring required API cloudbuild.googleapis.com is enabled... 
[info] i  artifactregistry: ensuring required API artifactregistry.googleapis.com is enabled... 
[debug] [2023-04-01T20:37:51.967Z] >>> [apiv2][query] GET https://serviceusage.googleapis.com/v1/projects/epicure-server-1/services/cloudfunctions.googleapis.com [none]
[debug] [2023-04-01T20:37:51.967Z] >>> [apiv2][(partial)header] GET https://serviceusage.googleapis.com/v1/projects/epicure-server-1/services/cloudfunctions.googleapis.com x-goog-quota-user=projects/epicure-server-1
[debug] [2023-04-01T20:37:51.969Z] >>> [apiv2][query] GET https://serviceusage.googleapis.com/v1/projects/epicure-server-1/services/runtimeconfig.googleapis.com [none]
[debug] [2023-04-01T20:37:51.969Z] >>> [apiv2][(partial)header] GET https://serviceusage.googleapis.com/v1/projects/epicure-server-1/services/runtimeconfig.googleapis.com x-goog-quota-user=projects/epicure-server-1
[debug] [2023-04-01T20:37:51.969Z] >>> [apiv2][query] GET https://serviceusage.googleapis.com/v1/projects/epicure-server-1/services/cloudbuild.googleapis.com [none]
[debug] [2023-04-01T20:37:51.970Z] >>> [apiv2][(partial)header] GET https://serviceusage.googleapis.com/v1/projects/epicure-server-1/services/cloudbuild.googleapis.com x-goog-quota-user=projects/epicure-server-1
[debug] [2023-04-01T20:37:51.970Z] >>> [apiv2][query] GET https://serviceusage.googleapis.com/v1/projects/epicure-server-1/services/artifactregistry.googleapis.com [none]
[debug] [2023-04-01T20:37:51.970Z] >>> [apiv2][(partial)header] GET https://serviceusage.googleapis.com/v1/projects/epicure-server-1/services/artifactregistry.googleapis.com x-goog-quota-user=projects/epicure-server-1
[debug] [2023-04-01T20:37:53.403Z] <<< [apiv2][status] GET https://serviceusage.googleapis.com/v1/projects/epicure-server-1/services/artifactregistry.googleapis.com 200
[debug] [2023-04-01T20:37:53.403Z] <<< [apiv2][body] GET https://serviceusage.googleapis.com/v1/projects/epicure-server-1/services/artifactregistry.googleapis.com [omitted]
[info] +  artifactregistry: required API artifactregistry.googleapis.com is enabled 
[debug] [2023-04-01T20:37:53.404Z] <<< [apiv2][status] GET https://serviceusage.googleapis.com/v1/projects/epicure-server-1/services/cloudbuild.googleapis.com 200
[debug] [2023-04-01T20:37:53.404Z] <<< [apiv2][body] GET https://serviceusage.googleapis.com/v1/projects/epicure-server-1/services/cloudbuild.googleapis.com [omitted]
[info] +  functions: required API cloudbuild.googleapis.com is enabled 
[debug] [2023-04-01T20:37:53.406Z] <<< [apiv2][status] GET https://serviceusage.googleapis.com/v1/projects/epicure-server-1/services/cloudfunctions.googleapis.com 200
[debug] [2023-04-01T20:37:53.406Z] <<< [apiv2][body] GET https://serviceusage.googleapis.com/v1/projects/epicure-server-1/services/cloudfunctions.googleapis.com [omitted]
[info] +  functions: required API cloudfunctions.googleapis.com is enabled 
[debug] [2023-04-01T20:37:53.406Z] <<< [apiv2][status] GET https://serviceusage.googleapis.com/v1/projects/epicure-server-1/services/runtimeconfig.googleapis.com 200
[debug] [2023-04-01T20:37:53.407Z] <<< [apiv2][body] GET https://serviceusage.googleapis.com/v1/projects/epicure-server-1/services/runtimeconfig.googleapis.com [omitted]
[debug] [2023-04-01T20:37:53.407Z] >>> [apiv2][query] GET https://firebase.googleapis.com/v1beta1/projects/epicure-server-1/adminSdkConfig [none]
[debug] [2023-04-01T20:37:53.817Z] <<< [apiv2][status] GET https://firebase.googleapis.com/v1beta1/projects/epicure-server-1/adminSdkConfig 200
[debug] [2023-04-01T20:37:53.817Z] <<< [apiv2][body] GET https://firebase.googleapis.com/v1beta1/projects/epicure-server-1/adminSdkConfig {"projectId":"epicure-server-1","storageBucket":"epicure-server-1.appspot.com"}
[debug] [2023-04-01T20:37:53.817Z] >>> [apiv2][query] GET https://runtimeconfig.googleapis.com/v1beta1/projects/epicure-server-1/configs [none]
[debug] [2023-04-01T20:37:54.624Z] <<< [apiv2][status] GET https://runtimeconfig.googleapis.com/v1beta1/projects/epicure-server-1/configs 200
[debug] [2023-04-01T20:37:54.624Z] <<< [apiv2][body] GET https://runtimeconfig.googleapis.com/v1beta1/projects/epicure-server-1/configs {}
[debug] [2023-04-01T20:37:54.626Z] Validating nodejs source
[debug] [2023-04-01T20:37:56.268Z] > [functions] package.json contents: {
  "name": "functions",
  "scripts": {
    "build": "tsc",
    "build:watch": "tsc --watch",
    "serve": "npm run build && firebase emulators:start --only functions",
    "shell": "npm run build && firebase functions:shell",
    "start": "npm run shell",
    "deploy": "firebase deploy --only functions",
    "logs": "firebase functions:log"
  },
  "engines": {
    "node": "16"
  },
  "main": "lib/index.js",
  "dependencies": {
    "firebase-admin": "^11.5.0",
    "firebase-functions": "^4.2.0",
    "bcrypt": "^5.1.0",
    "cors": "^2.8.5",
    "express": "^4.18.2",
    "mongoose": "^6.8.1"
  },
  "devDependencies": {
    "typescript": "^4.9.0",
    "firebase-functions-test": "^3.0.0",
    "@tsconfig/node16": "^1.0.3",
    "@types/bcrypt": "^5.0.0",
    "@types/cors": "^2.8.13",
    "@types/express": "^4.17.14",
    "@types/node": "^18.11.13",
    "ts-node": "^10.9.1"
  },
  "private": true
}
[debug] [2023-04-01T20:37:56.269Z] Building nodejs source
[debug] [2023-04-01T20:37:56.270Z] Could not find functions.yaml. Must use http discovery
[debug] [2023-04-01T20:37:56.286Z] Found firebase-functions binary at 'C:\Users\Mohamed Abuabied\Documents\Tsofen\GitHub\Epicure_Backend\functions\node_modules\.bin\firebase-functions'
[debug] [2023-04-01T20:37:56.490Z] Serving at port 8323

[debug] [2023-04-01T20:37:57.203Z] Got response from /__/functions.yaml {"endpoints":{"app":{"platform":"gcfv1","availableMemoryMb":null,"timeoutSeconds":null,"minInstances":null,"maxInstances":null,"ingressSettings":null,"serviceAccountEmail":null,"vpc":null,"httpsTrigger":{},"entryPoint":"app"}},"specVersion":"v1alpha1","requiredAPIs":[]}
[debug] [2023-04-01T20:37:57.211Z] shutdown requested via /__/quitquitquit

[info] i  functions: preparing functions directory for uploading... 
[info] i  functions: packaged C:\Users\Mohamed Abuabied\Documents\Tsofen\GitHub\Epicure_Backend\functions (100.71 KB) for uploading 
[debug] [2023-04-01T20:37:59.823Z] >>> [apiv2][query] GET https://cloudfunctions.googleapis.com/v1/projects/epicure-server-1/locations/-/functions [none]
[debug] [2023-04-01T20:38:00.483Z] <<< [apiv2][status] GET https://cloudfunctions.googleapis.com/v1/projects/epicure-server-1/locations/-/functions 200
[debug] [2023-04-01T20:38:00.483Z] <<< [apiv2][body] GET https://cloudfunctions.googleapis.com/v1/projects/epicure-server-1/locations/-/functions {"functions":[{"name":"projects/epicure-server-1/locations/us-central1/functions/app","httpsTrigger":{"url":"https://us-central1-epicure-server-1.cloudfunctions.net/app","securityLevel":"SECURE_ALWAYS"},"status":"OFFLINE","entryPoint":"app","timeout":"60s","availableMemoryMb":256,"serviceAccountEmail":"epicure-server-1@appspot.gserviceaccount.com","updateTime":"2023-04-01T20:26:55.241Z","versionId":"1","labels":{"deployment-tool":"cli-firebase","firebase-functions-hash":"a4d76e052014da4e74abdea852a1b0d4ad10a324"},"sourceUploadUrl":"https://storage.googleapis.com/uploads-908860969082.us-central1.cloudfunctions.appspot.com/1e2e9db1-ae68-475f-897d-e0a3d3df90bc.zip","environmentVariables":{"FIREBASE_CONFIG":"{\"projectId\":\"epicure-server-1\",\"storageBucket\":\"epicure-server-1.appspot.com\"}","GCLOUD_PROJECT":"epicure-server-1","EVENTARC_CLOUD_EVENT_SOURCE":"projects/epicure-server-1/locations/us-central1/functions/app"},"runtime":"nodejs16","ingressSettings":"ALLOW_ALL","buildId":"08027374-aa8f-4b88-808f-2cd4af2db575","buildName":"projects/454553151846/locations/us-central1/builds/08027374-aa8f-4b88-808f-2cd4af2db575","dockerRegistry":"ARTIFACT_REGISTRY"}]}
[debug] [2023-04-01T20:38:00.484Z] >>> [apiv2][query] GET https://cloudfunctions.googleapis.com/v2/projects/epicure-server-1/locations/-/functions filter=environment%3D%22GEN_2%22
[debug] [2023-04-01T20:38:01.588Z] <<< [apiv2][status] GET https://cloudfunctions.googleapis.com/v2/projects/epicure-server-1/locations/-/functions 200
[debug] [2023-04-01T20:38:01.588Z] <<< [apiv2][body] GET https://cloudfunctions.googleapis.com/v2/projects/epicure-server-1/locations/-/functions {}
[debug] [2023-04-01T20:38:01.594Z] >>> [apiv2][query] GET https://firebase.googleapis.com/v1beta1/projects/epicure-server-1 [none]
[debug] [2023-04-01T20:38:02.201Z] <<< [apiv2][status] GET https://firebase.googleapis.com/v1beta1/projects/epicure-server-1 200
[debug] [2023-04-01T20:38:02.201Z] <<< [apiv2][body] GET https://firebase.googleapis.com/v1beta1/projects/epicure-server-1 {"projectId":"epicure-server-1","projectNumber":"454553151846","displayName":"Epicure-Server-1","name":"projects/epicure-server-1","resources":{"hostingSite":"epicure-server-1"},"state":"ACTIVE","etag":"1_582a0a91-da49-4894-bc72-1b2038d69154"}
[debug] [2023-04-01T20:38:02.205Z] >>> [apiv2][query] POST https://firebasehosting.googleapis.com/v1beta1/projects/-/sites/epicure-server-1/versions [none]
[debug] [2023-04-01T20:38:02.205Z] >>> [apiv2][body] POST https://firebasehosting.googleapis.com/v1beta1/projects/-/sites/epicure-server-1/versions {"status":"CREATED","labels":{"deployment-tool":"cli-firebase"}}
[debug] [2023-04-01T20:38:05.275Z] <<< [apiv2][status] POST https://firebasehosting.googleapis.com/v1beta1/projects/-/sites/epicure-server-1/versions 200
[debug] [2023-04-01T20:38:05.275Z] <<< [apiv2][body] POST https://firebasehosting.googleapis.com/v1beta1/projects/-/sites/epicure-server-1/versions {"name":"projects/454553151846/sites/epicure-server-1/versions/810bd8e98ea46b3c","status":"CREATED","config":{},"labels":{"deployment-tool":"cli-firebase"}}
[debug] [2023-04-01T20:38:05.276Z] >>> [apiv2][query] POST https://cloudfunctions.googleapis.com/v1/projects/epicure-server-1/locations/us-central1/functions:generateUploadUrl [none]
[debug] [2023-04-01T20:38:05.276Z] >>> [apiv2][body] POST https://cloudfunctions.googleapis.com/v1/projects/epicure-server-1/locations/us-central1/functions:generateUploadUrl {}
[debug] [2023-04-01T20:38:06.091Z] <<< [apiv2][status] POST https://cloudfunctions.googleapis.com/v1/projects/epicure-server-1/locations/us-central1/functions:generateUploadUrl 200
[debug] [2023-04-01T20:38:06.092Z] <<< [apiv2][body] POST https://cloudfunctions.googleapis.com/v1/projects/epicure-server-1/locations/us-central1/functions:generateUploadUrl {"uploadUrl":"https://storage.googleapis.com/uploads-908860969082.us-central1.cloudfunctions.appspot.com/e79cc98c-39b3-405a-95e0-a6e73db2b509.zip?GoogleAccessId=service-454553151846@gcf-admin-robot.iam.gserviceaccount.com&Expires=1680383285&Signature=eyxAodXzyu%2Fj2piAgCbqehar5G%2FRkR0a4PWSTOz1qXjiLJf4M1IeXrIohkVbcVnG3aF8S4TdbG9AQa%2FbHsY051yaXtigoZZISi1alQAv1r38HNnv73mms0P0hDLQt3QZU99LhVid7E5CFAQArpgtyu8QarBBP%2BfBnv0bR8qHmW3%2FOPAFxHvd5btkWx47W20z1aLeUP%2BRNqsIub2goMOkpu2CFcoHUjdqYfSYFrOaULy6zUXB%2FHnHdLFXX4KnSEZD229Y4xgpNrbYSzMJ4vaLxBiOIpPTitVz2TyvicRQaNMSz%2BA%2BToYava56Pncny7qUe%2BuS2IXPAyiKWZRtLkwV0Q%3D%3D"}
[debug] [2023-04-01T20:38:06.092Z] >>> [apiv2][query] PUT https://storage.googleapis.com/uploads-908860969082.us-central1.cloudfunctions.appspot.com/e79cc98c-39b3-405a-95e0-a6e73db2b509.zip GoogleAccessId=service-454553151846%40gcf-admin-robot.iam.gserviceaccount.com&Expires=1680383285&Signature=eyxAodXzyu%2Fj2piAgCbqehar5G%2FRkR0a4PWSTOz1qXjiLJf4M1IeXrIohkVbcVnG3aF8S4TdbG9AQa%2FbHsY051yaXtigoZZISi1alQAv1r38HNnv73mms0P0hDLQt3QZU99LhVid7E5CFAQArpgtyu8QarBBP%2BfBnv0bR8qHmW3%2FOPAFxHvd5btkWx47W20z1aLeUP%2BRNqsIub2goMOkpu2CFcoHUjdqYfSYFrOaULy6zUXB%2FHnHdLFXX4KnSEZD229Y4xgpNrbYSzMJ4vaLxBiOIpPTitVz2TyvicRQaNMSz%2BA%2BToYava56Pncny7qUe%2BuS2IXPAyiKWZRtLkwV0Q%3D%3D
[debug] [2023-04-01T20:38:06.092Z] >>> [apiv2][body] PUT https://storage.googleapis.com/uploads-908860969082.us-central1.cloudfunctions.appspot.com/e79cc98c-39b3-405a-95e0-a6e73db2b509.zip [stream]
[debug] [2023-04-01T20:38:06.704Z] <<< [apiv2][status] PUT https://storage.googleapis.com/uploads-908860969082.us-central1.cloudfunctions.appspot.com/e79cc98c-39b3-405a-95e0-a6e73db2b509.zip 200
[debug] [2023-04-01T20:38:06.704Z] <<< [apiv2][body] PUT https://storage.googleapis.com/uploads-908860969082.us-central1.cloudfunctions.appspot.com/e79cc98c-39b3-405a-95e0-a6e73db2b509.zip [omitted]
[info] +  functions: functions folder uploaded successfully 
[info] i  hosting[epicure-server-1]: beginning deploy... 
[info] i  hosting[epicure-server-1]: found 2 files in public 
[debug] [2023-04-01T20:38:06.710Z] [hosting] uploading with 200 concurrency
[debug] [2023-04-01T20:38:06.716Z] [hosting] hash cache [cHVibGlj] stored for 2 files
[debug] [2023-04-01T20:38:06.717Z] [hosting][hash queue][FINAL] {"max":1,"min":1,"avg":1,"active":0,"complete":2,"success":2,"errored":0,"retried":0,"total":2,"elapsed":3}
[debug] [2023-04-01T20:38:06.717Z] >>> [apiv2][query] POST https://firebasehosting.googleapis.com/v1beta1/projects/454553151846/sites/epicure-server-1/versions/810bd8e98ea46b3c:populateFiles [none]
[debug] [2023-04-01T20:38:06.717Z] >>> [apiv2][body] POST https://firebasehosting.googleapis.com/v1beta1/projects/454553151846/sites/epicure-server-1/versions/810bd8e98ea46b3c:populateFiles {"files":{"/404.html":"daa499dd96d8229e73235345702ba32f0793f0c8e5c0d30e40e37a5872be57aa","/index.html":"29555a9254a61b2f8a54fe1e1ca94efcac79b99a1e81e7cc94e3aa21aa2b441b"}}
[debug] [2023-04-01T20:38:08.510Z] <<< [apiv2][status] POST https://firebasehosting.googleapis.com/v1beta1/projects/454553151846/sites/epicure-server-1/versions/810bd8e98ea46b3c:populateFiles 200
[debug] [2023-04-01T20:38:08.510Z] <<< [apiv2][body] POST https://firebasehosting.googleapis.com/v1beta1/projects/454553151846/sites/epicure-server-1/versions/810bd8e98ea46b3c:populateFiles {"uploadUrl":"https://upload-firebasehosting.googleapis.com/upload/sites/epicure-server-1/versions/810bd8e98ea46b3c/files"}
[debug] [2023-04-01T20:38:08.511Z] [hosting][populate queue][FINAL] {"max":1795,"min":1795,"avg":1795,"active":0,"complete":1,"success":1,"errored":0,"retried":0,"total":1,"elapsed":1796}
[debug] [2023-04-01T20:38:08.511Z] [hosting] uploads queued: 0
[debug] [2023-04-01T20:38:08.511Z] [hosting][upload queue][FINAL] {"max":0,"min":9999999999,"avg":0,"active":0,"complete":0,"success":0,"errored":0,"retried":0,"total":0,"elapsed":1680381488511}
[info] +  hosting[epicure-server-1]: file upload complete 
[debug] [2023-04-01T20:38:08.512Z] [hosting] deploy completed after 1805ms
[info] i  functions: updating Node.js 16 function app(us-central1)... 
[debug] [2023-04-01T20:38:08.518Z] >>> [apiv2][query] PATCH https://cloudfunctions.googleapis.com/v1/projects/epicure-server-1/locations/us-central1/functions/app updateMask=name%2CsourceUploadUrl%2CentryPoint%2Cruntime%2CdockerRegistry%2Clabels%2ChttpsTrigger.securityLevel%2CminInstances%2CmaxInstances%2CingressSettings%2CenvironmentVariables%2CserviceAccountEmail%2CavailableMemoryMb%2Ctimeout%2CvpcConnector%2CvpcConnectorEgressSettings%2CsourceToken
[debug] [2023-04-01T20:38:08.518Z] >>> [apiv2][body] PATCH https://cloudfunctions.googleapis.com/v1/projects/epicure-server-1/locations/us-central1/functions/app {"name":"projects/epicure-server-1/locations/us-central1/functions/app","sourceUploadUrl":"https://storage.googleapis.com/uploads-908860969082.us-central1.cloudfunctions.appspot.com/e79cc98c-39b3-405a-95e0-a6e73db2b509.zip?GoogleAccessId=service-454553151846@gcf-admin-robot.iam.gserviceaccount.com&Expires=1680383285&Signature=eyxAodXzyu%2Fj2piAgCbqehar5G%2FRkR0a4PWSTOz1qXjiLJf4M1IeXrIohkVbcVnG3aF8S4TdbG9AQa%2FbHsY051yaXtigoZZISi1alQAv1r38HNnv73mms0P0hDLQt3QZU99LhVid7E5CFAQArpgtyu8QarBBP%2BfBnv0bR8qHmW3%2FOPAFxHvd5btkWx47W20z1aLeUP%2BRNqsIub2goMOkpu2CFcoHUjdqYfSYFrOaULy6zUXB%2FHnHdLFXX4KnSEZD229Y4xgpNrbYSzMJ4vaLxBiOIpPTitVz2TyvicRQaNMSz%2BA%2BToYava56Pncny7qUe%2BuS2IXPAyiKWZRtLkwV0Q%3D%3D","entryPoint":"app","runtime":"nodejs16","dockerRegistry":"ARTIFACT_REGISTRY","labels":{"deployment-tool":"cli-firebase","firebase-functions-hash":"7262122dbf1af446c944d090f9787c7933d6b675"},"httpsTrigger":{"securityLevel":"SECURE_ALWAYS"},"minInstances":null,"maxInstances":null,"ingressSettings":null,"environmentVariables":{"FIREBASE_CONFIG":"{\"projectId\":\"epicure-server-1\",\"storageBucket\":\"epicure-server-1.appspot.com\"}","GCLOUD_PROJECT":"epicure-server-1","EVENTARC_CLOUD_EVENT_SOURCE":"projects/epicure-server-1/locations/us-central1/functions/app"},"serviceAccountEmail":null,"availableMemoryMb":null,"timeout":null,"vpcConnector":null,"vpcConnectorEgressSettings":null}
[debug] [2023-04-01T20:38:09.369Z] <<< [apiv2][status] PATCH https://cloudfunctions.googleapis.com/v1/projects/epicure-server-1/locations/us-central1/functions/app 200
[debug] [2023-04-01T20:38:09.369Z] <<< [apiv2][body] PATCH https://cloudfunctions.googleapis.com/v1/projects/epicure-server-1/locations/us-central1/functions/app {"name":"operations/ZXBpY3VyZS1zZXJ2ZXItMS91cy1jZW50cmFsMS9hcHAvdGpVNHNIcEs5WTA","metadata":{"@type":"type.googleapis.com/google.cloud.functions.v1.OperationMetadataV1","target":"projects/epicure-server-1/locations/us-central1/functions/app","type":"UPDATE_FUNCTION","request":{"@type":"type.googleapis.com/google.cloud.functions.v1.CloudFunction","name":"projects/epicure-server-1/locations/us-central1/functions/app","httpsTrigger":{"url":"https://us-central1-epicure-server-1.cloudfunctions.net/app","securityLevel":"SECURE_ALWAYS"},"status":"OFFLINE","entryPoint":"app","updateTime":"2023-04-01T20:26:55.241Z","versionId":"1","labels":{"deployment-tool":"cli-firebase","firebase-functions-hash":"7262122dbf1af446c944d090f9787c7933d6b675"},"sourceUploadUrl":"https://storage.googleapis.com/uploads-908860969082.us-central1.cloudfunctions.appspot.com/e79cc98c-39b3-405a-95e0-a6e73db2b509.zip?GoogleAccessId=service-454553151846@gcf-admin-robot.iam.gserviceaccount.com&Expires=1680383285&Signature=eyxAodXzyu%2Fj2piAgCbqehar5G%2FRkR0a4PWSTOz1qXjiLJf4M1IeXrIohkVbcVnG3aF8S4TdbG9AQa%2FbHsY051yaXtigoZZISi1alQAv1r38HNnv73mms0P0hDLQt3QZU99LhVid7E5CFAQArpgtyu8QarBBP%2BfBnv0bR8qHmW3%2FOPAFxHvd5btkWx47W20z1aLeUP%2BRNqsIub2goMOkpu2CFcoHUjdqYfSYFrOaULy6zUXB%2FHnHdLFXX4KnSEZD229Y4xgpNrbYSzMJ4vaLxBiOIpPTitVz2TyvicRQaNMSz%2BA%2BToYava56Pncny7qUe%2BuS2IXPAyiKWZRtLkwV0Q%3D%3D","environmentVariables":{"FIREBASE_CONFIG":"{\"projectId\":\"epicure-server-1\",\"storageBucket\":\"epicure-server-1.appspot.com\"}","GCLOUD_PROJECT":"epicure-server-1","EVENTARC_CLOUD_EVENT_SOURCE":"projects/epicure-server-1/locations/us-central1/functions/app"},"runtime":"nodejs16","buildId":"08027374-aa8f-4b88-808f-2cd4af2db575","buildName":"projects/454553151846/locations/us-central1/builds/08027374-aa8f-4b88-808f-2cd4af2db575","dockerRegistry":"ARTIFACT_REGISTRY"},"versionId":"2","updateTime":"2023-04-01T20:38:09Z"}}
[debug] [2023-04-01T20:38:09.369Z] >>> [apiv2][query] GET https://cloudfunctions.googleapis.com/v1/operations/ZXBpY3VyZS1zZXJ2ZXItMS91cy1jZW50cmFsMS9hcHAvdGpVNHNIcEs5WTA [none]
[debug] [2023-04-01T20:38:10.189Z] <<< [apiv2][status] GET https://cloudfunctions.googleapis.com/v1/operations/ZXBpY3VyZS1zZXJ2ZXItMS91cy1jZW50cmFsMS9hcHAvdGpVNHNIcEs5WTA 200
[debug] [2023-04-01T20:38:10.189Z] <<< [apiv2][body] GET https://cloudfunctions.googleapis.com/v1/operations/ZXBpY3VyZS1zZXJ2ZXItMS91cy1jZW50cmFsMS9hcHAvdGpVNHNIcEs5WTA {"name":"operations/ZXBpY3VyZS1zZXJ2ZXItMS91cy1jZW50cmFsMS9hcHAvdGpVNHNIcEs5WTA","metadata":{"@type":"type.googleapis.com/google.cloud.functions.v1.OperationMetadataV1","target":"projects/epicure-server-1/locations/us-central1/functions/app","type":"UPDATE_FUNCTION","request":{"@type":"type.googleapis.com/google.cloud.functions.v1.CloudFunction","name":"projects/epicure-server-1/locations/us-central1/functions/app","httpsTrigger":{"url":"https://us-central1-epicure-server-1.cloudfunctions.net/app","securityLevel":"SECURE_ALWAYS"},"status":"OFFLINE","entryPoint":"app","updateTime":"2023-04-01T20:26:55.241Z","versionId":"1","labels":{"deployment-tool":"cli-firebase","firebase-functions-hash":"7262122dbf1af446c944d090f9787c7933d6b675"},"sourceUploadUrl":"https://storage.googleapis.com/uploads-908860969082.us-central1.cloudfunctions.appspot.com/e79cc98c-39b3-405a-95e0-a6e73db2b509.zip?GoogleAccessId=service-454553151846@gcf-admin-robot.iam.gserviceaccount.com&Expires=1680383285&Signature=eyxAodXzyu%2Fj2piAgCbqehar5G%2FRkR0a4PWSTOz1qXjiLJf4M1IeXrIohkVbcVnG3aF8S4TdbG9AQa%2FbHsY051yaXtigoZZISi1alQAv1r38HNnv73mms0P0hDLQt3QZU99LhVid7E5CFAQArpgtyu8QarBBP%2BfBnv0bR8qHmW3%2FOPAFxHvd5btkWx47W20z1aLeUP%2BRNqsIub2goMOkpu2CFcoHUjdqYfSYFrOaULy6zUXB%2FHnHdLFXX4KnSEZD229Y4xgpNrbYSzMJ4vaLxBiOIpPTitVz2TyvicRQaNMSz%2BA%2BToYava56Pncny7qUe%2BuS2IXPAyiKWZRtLkwV0Q%3D%3D","environmentVariables":{"FIREBASE_CONFIG":"{\"projectId\":\"epicure-server-1\",\"storageBucket\":\"epicure-server-1.appspot.com\"}","GCLOUD_PROJECT":"epicure-server-1","EVENTARC_CLOUD_EVENT_SOURCE":"projects/epicure-server-1/locations/us-central1/functions/app"},"runtime":"nodejs16","buildId":"08027374-aa8f-4b88-808f-2cd4af2db575","buildName":"projects/454553151846/locations/us-central1/builds/08027374-aa8f-4b88-808f-2cd4af2db575","dockerRegistry":"ARTIFACT_REGISTRY"},"versionId":"2","updateTime":"2023-04-01T20:38:09Z"}}
[debug] [2023-04-01T20:38:10.696Z] [update-default-us-central1-app] Retrying task index 0
[debug] [2023-04-01T20:38:10.697Z] >>> [apiv2][query] GET https://cloudfunctions.googleapis.com/v1/operations/ZXBpY3VyZS1zZXJ2ZXItMS91cy1jZW50cmFsMS9hcHAvdGpVNHNIcEs5WTA [none]
[debug] [2023-04-01T20:38:11.222Z] <<< [apiv2][status] GET https://cloudfunctions.googleapis.com/v1/operations/ZXBpY3VyZS1zZXJ2ZXItMS91cy1jZW50cmFsMS9hcHAvdGpVNHNIcEs5WTA 200
[debug] [2023-04-01T20:38:11.222Z] <<< [apiv2][body] GET https://cloudfunctions.googleapis.com/v1/operations/ZXBpY3VyZS1zZXJ2ZXItMS91cy1jZW50cmFsMS9hcHAvdGpVNHNIcEs5WTA {"name":"operations/ZXBpY3VyZS1zZXJ2ZXItMS91cy1jZW50cmFsMS9hcHAvdGpVNHNIcEs5WTA","metadata":{"@type":"type.googleapis.com/google.cloud.functions.v1.OperationMetadataV1","target":"projects/epicure-server-1/locations/us-central1/functions/app","type":"UPDATE_FUNCTION","request":{"@type":"type.googleapis.com/google.cloud.functions.v1.CloudFunction","name":"projects/epicure-server-1/locations/us-central1/functions/app","httpsTrigger":{"url":"https://us-central1-epicure-server-1.cloudfunctions.net/app","securityLevel":"SECURE_ALWAYS"},"status":"OFFLINE","entryPoint":"app","updateTime":"2023-04-01T20:26:55.241Z","versionId":"1","labels":{"deployment-tool":"cli-firebase","firebase-functions-hash":"7262122dbf1af446c944d090f9787c7933d6b675"},"sourceUploadUrl":"https://storage.googleapis.com/uploads-908860969082.us-central1.cloudfunctions.appspot.com/e79cc98c-39b3-405a-95e0-a6e73db2b509.zip?GoogleAccessId=service-454553151846@gcf-admin-robot.iam.gserviceaccount.com&Expires=1680383285&Signature=eyxAodXzyu%2Fj2piAgCbqehar5G%2FRkR0a4PWSTOz1qXjiLJf4M1IeXrIohkVbcVnG3aF8S4TdbG9AQa%2FbHsY051yaXtigoZZISi1alQAv1r38HNnv73mms0P0hDLQt3QZU99LhVid7E5CFAQArpgtyu8QarBBP%2BfBnv0bR8qHmW3%2FOPAFxHvd5btkWx47W20z1aLeUP%2BRNqsIub2goMOkpu2CFcoHUjdqYfSYFrOaULy6zUXB%2FHnHdLFXX4KnSEZD229Y4xgpNrbYSzMJ4vaLxBiOIpPTitVz2TyvicRQaNMSz%2BA%2BToYava56Pncny7qUe%2BuS2IXPAyiKWZRtLkwV0Q%3D%3D","environmentVariables":{"FIREBASE_CONFIG":"{\"projectId\":\"epicure-server-1\",\"storageBucket\":\"epicure-server-1.appspot.com\"}","GCLOUD_PROJECT":"epicure-server-1","EVENTARC_CLOUD_EVENT_SOURCE":"projects/epicure-server-1/locations/us-central1/functions/app"},"runtime":"nodejs16","buildId":"08027374-aa8f-4b88-808f-2cd4af2db575","buildName":"projects/454553151846/locations/us-central1/builds/08027374-aa8f-4b88-808f-2cd4af2db575","dockerRegistry":"ARTIFACT_REGISTRY"},"versionId":"2","updateTime":"2023-04-01T20:38:09Z","buildId":"df522252-746a-4cb1-8c61-6a5cd35a7474","buildName":"projects/454553151846/locations/us-central1/builds/df522252-746a-4cb1-8c61-6a5cd35a7474"}}
[debug] [2023-04-01T20:38:12.233Z] [update-default-us-central1-app] Retrying task index 0
[debug] [2023-04-01T20:38:12.233Z] >>> [apiv2][query] GET https://cloudfunctions.googleapis.com/v1/operations/ZXBpY3VyZS1zZXJ2ZXItMS91cy1jZW50cmFsMS9hcHAvdGpVNHNIcEs5WTA [none]
[debug] [2023-04-01T20:38:12.851Z] <<< [apiv2][status] GET https://cloudfunctions.googleapis.com/v1/operations/ZXBpY3VyZS1zZXJ2ZXItMS91cy1jZW50cmFsMS9hcHAvdGpVNHNIcEs5WTA 200
[debug] [2023-04-01T20:38:12.851Z] <<< [apiv2][body] GET https://cloudfunctions.googleapis.com/v1/operations/ZXBpY3VyZS1zZXJ2ZXItMS91cy1jZW50cmFsMS9hcHAvdGpVNHNIcEs5WTA {"name":"operations/ZXBpY3VyZS1zZXJ2ZXItMS91cy1jZW50cmFsMS9hcHAvdGpVNHNIcEs5WTA","metadata":{"@type":"type.googleapis.com/google.cloud.functions.v1.OperationMetadataV1","target":"projects/epicure-server-1/locations/us-central1/functions/app","type":"UPDATE_FUNCTION","request":{"@type":"type.googleapis.com/google.cloud.functions.v1.CloudFunction","name":"projects/epicure-server-1/locations/us-central1/functions/app","httpsTrigger":{"url":"https://us-central1-epicure-server-1.cloudfunctions.net/app","securityLevel":"SECURE_ALWAYS"},"status":"OFFLINE","entryPoint":"app","updateTime":"2023-04-01T20:26:55.241Z","versionId":"1","labels":{"deployment-tool":"cli-firebase","firebase-functions-hash":"7262122dbf1af446c944d090f9787c7933d6b675"},"sourceUploadUrl":"https://storage.googleapis.com/uploads-908860969082.us-central1.cloudfunctions.appspot.com/e79cc98c-39b3-405a-95e0-a6e73db2b509.zip?GoogleAccessId=service-454553151846@gcf-admin-robot.iam.gserviceaccount.com&Expires=1680383285&Signature=eyxAodXzyu%2Fj2piAgCbqehar5G%2FRkR0a4PWSTOz1qXjiLJf4M1IeXrIohkVbcVnG3aF8S4TdbG9AQa%2FbHsY051yaXtigoZZISi1alQAv1r38HNnv73mms0P0hDLQt3QZU99LhVid7E5CFAQArpgtyu8QarBBP%2BfBnv0bR8qHmW3%2FOPAFxHvd5btkWx47W20z1aLeUP%2BRNqsIub2goMOkpu2CFcoHUjdqYfSYFrOaULy6zUXB%2FHnHdLFXX4KnSEZD229Y4xgpNrbYSzMJ4vaLxBiOIpPTitVz2TyvicRQaNMSz%2BA%2BToYava56Pncny7qUe%2BuS2IXPAyiKWZRtLkwV0Q%3D%3D","environmentVariables":{"FIREBASE_CONFIG":"{\"projectId\":\"epicure-server-1\",\"storageBucket\":\"epicure-server-1.appspot.com\"}","GCLOUD_PROJECT":"epicure-server-1","EVENTARC_CLOUD_EVENT_SOURCE":"projects/epicure-server-1/locations/us-central1/functions/app"},"runtime":"nodejs16","buildId":"08027374-aa8f-4b88-808f-2cd4af2db575","buildName":"projects/454553151846/locations/us-central1/builds/08027374-aa8f-4b88-808f-2cd4af2db575","dockerRegistry":"ARTIFACT_REGISTRY"},"versionId":"2","updateTime":"2023-04-01T20:38:09Z","buildId":"df522252-746a-4cb1-8c61-6a5cd35a7474","buildName":"projects/454553151846/locations/us-central1/builds/df522252-746a-4cb1-8c61-6a5cd35a7474"}}
[debug] [2023-04-01T20:38:14.862Z] [update-default-us-central1-app] Retrying task index 0
[debug] [2023-04-01T20:38:14.862Z] >>> [apiv2][query] GET https://cloudfunctions.googleapis.com/v1/operations/ZXBpY3VyZS1zZXJ2ZXItMS91cy1jZW50cmFsMS9hcHAvdGpVNHNIcEs5WTA [none]
[debug] [2023-04-01T20:38:15.716Z] <<< [apiv2][status] GET https://cloudfunctions.googleapis.com/v1/operations/ZXBpY3VyZS1zZXJ2ZXItMS91cy1jZW50cmFsMS9hcHAvdGpVNHNIcEs5WTA 200
[debug] [2023-04-01T20:38:15.717Z] <<< [apiv2][body] GET https://cloudfunctions.googleapis.com/v1/operations/ZXBpY3VyZS1zZXJ2ZXItMS91cy1jZW50cmFsMS9hcHAvdGpVNHNIcEs5WTA {"name":"operations/ZXBpY3VyZS1zZXJ2ZXItMS91cy1jZW50cmFsMS9hcHAvdGpVNHNIcEs5WTA","metadata":{"@type":"type.googleapis.com/google.cloud.functions.v1.OperationMetadataV1","target":"projects/epicure-server-1/locations/us-central1/functions/app","type":"UPDATE_FUNCTION","request":{"@type":"type.googleapis.com/google.cloud.functions.v1.CloudFunction","name":"projects/epicure-server-1/locations/us-central1/functions/app","httpsTrigger":{"url":"https://us-central1-epicure-server-1.cloudfunctions.net/app","securityLevel":"SECURE_ALWAYS"},"status":"OFFLINE","entryPoint":"app","updateTime":"2023-04-01T20:26:55.241Z","versionId":"1","labels":{"deployment-tool":"cli-firebase","firebase-functions-hash":"7262122dbf1af446c944d090f9787c7933d6b675"},"sourceUploadUrl":"https://storage.googleapis.com/uploads-908860969082.us-central1.cloudfunctions.appspot.com/e79cc98c-39b3-405a-95e0-a6e73db2b509.zip?GoogleAccessId=service-454553151846@gcf-admin-robot.iam.gserviceaccount.com&Expires=1680383285&Signature=eyxAodXzyu%2Fj2piAgCbqehar5G%2FRkR0a4PWSTOz1qXjiLJf4M1IeXrIohkVbcVnG3aF8S4TdbG9AQa%2FbHsY051yaXtigoZZISi1alQAv1r38HNnv73mms0P0hDLQt3QZU99LhVid7E5CFAQArpgtyu8QarBBP%2BfBnv0bR8qHmW3%2FOPAFxHvd5btkWx47W20z1aLeUP%2BRNqsIub2goMOkpu2CFcoHUjdqYfSYFrOaULy6zUXB%2FHnHdLFXX4KnSEZD229Y4xgpNrbYSzMJ4vaLxBiOIpPTitVz2TyvicRQaNMSz%2BA%2BToYava56Pncny7qUe%2BuS2IXPAyiKWZRtLkwV0Q%3D%3D","environmentVariables":{"FIREBASE_CONFIG":"{\"projectId\":\"epicure-server-1\",\"storageBucket\":\"epicure-server-1.appspot.com\"}","GCLOUD_PROJECT":"epicure-server-1","EVENTARC_CLOUD_EVENT_SOURCE":"projects/epicure-server-1/locations/us-central1/functions/app"},"runtime":"nodejs16","buildId":"08027374-aa8f-4b88-808f-2cd4af2db575","buildName":"projects/454553151846/locations/us-central1/builds/08027374-aa8f-4b88-808f-2cd4af2db575","dockerRegistry":"ARTIFACT_REGISTRY"},"versionId":"2","updateTime":"2023-04-01T20:38:09Z","buildId":"df522252-746a-4cb1-8c61-6a5cd35a7474","buildName":"projects/454553151846/locations/us-central1/builds/df522252-746a-4cb1-8c61-6a5cd35a7474"}}
[debug] [2023-04-01T20:38:19.741Z] [update-default-us-central1-app] Retrying task index 0
[debug] [2023-04-01T20:38:19.741Z] >>> [apiv2][query] GET https://cloudfunctions.googleapis.com/v1/operations/ZXBpY3VyZS1zZXJ2ZXItMS91cy1jZW50cmFsMS9hcHAvdGpVNHNIcEs5WTA [none]
[debug] [2023-04-01T20:38:20.428Z] <<< [apiv2][status] GET https://cloudfunctions.googleapis.com/v1/operations/ZXBpY3VyZS1zZXJ2ZXItMS91cy1jZW50cmFsMS9hcHAvdGpVNHNIcEs5WTA 200
[debug] [2023-04-01T20:38:20.428Z] <<< [apiv2][body] GET https://cloudfunctions.googleapis.com/v1/operations/ZXBpY3VyZS1zZXJ2ZXItMS91cy1jZW50cmFsMS9hcHAvdGpVNHNIcEs5WTA {"name":"operations/ZXBpY3VyZS1zZXJ2ZXItMS91cy1jZW50cmFsMS9hcHAvdGpVNHNIcEs5WTA","metadata":{"@type":"type.googleapis.com/google.cloud.functions.v1.OperationMetadataV1","target":"projects/epicure-server-1/locations/us-central1/functions/app","type":"UPDATE_FUNCTION","request":{"@type":"type.googleapis.com/google.cloud.functions.v1.CloudFunction","name":"projects/epicure-server-1/locations/us-central1/functions/app","httpsTrigger":{"url":"https://us-central1-epicure-server-1.cloudfunctions.net/app","securityLevel":"SECURE_ALWAYS"},"status":"OFFLINE","entryPoint":"app","updateTime":"2023-04-01T20:26:55.241Z","versionId":"1","labels":{"deployment-tool":"cli-firebase","firebase-functions-hash":"7262122dbf1af446c944d090f9787c7933d6b675"},"sourceUploadUrl":"https://storage.googleapis.com/uploads-908860969082.us-central1.cloudfunctions.appspot.com/e79cc98c-39b3-405a-95e0-a6e73db2b509.zip?GoogleAccessId=service-454553151846@gcf-admin-robot.iam.gserviceaccount.com&Expires=1680383285&Signature=eyxAodXzyu%2Fj2piAgCbqehar5G%2FRkR0a4PWSTOz1qXjiLJf4M1IeXrIohkVbcVnG3aF8S4TdbG9AQa%2FbHsY051yaXtigoZZISi1alQAv1r38HNnv73mms0P0hDLQt3QZU99LhVid7E5CFAQArpgtyu8QarBBP%2BfBnv0bR8qHmW3%2FOPAFxHvd5btkWx47W20z1aLeUP%2BRNqsIub2goMOkpu2CFcoHUjdqYfSYFrOaULy6zUXB%2FHnHdLFXX4KnSEZD229Y4xgpNrbYSzMJ4vaLxBiOIpPTitVz2TyvicRQaNMSz%2BA%2BToYava56Pncny7qUe%2BuS2IXPAyiKWZRtLkwV0Q%3D%3D","environmentVariables":{"FIREBASE_CONFIG":"{\"projectId\":\"epicure-server-1\",\"storageBucket\":\"epicure-server-1.appspot.com\"}","GCLOUD_PROJECT":"epicure-server-1","EVENTARC_CLOUD_EVENT_SOURCE":"projects/epicure-server-1/locations/us-central1/functions/app"},"runtime":"nodejs16","buildId":"08027374-aa8f-4b88-808f-2cd4af2db575","buildName":"projects/454553151846/locations/us-central1/builds/08027374-aa8f-4b88-808f-2cd4af2db575","dockerRegistry":"ARTIFACT_REGISTRY"},"versionId":"2","updateTime":"2023-04-01T20:38:09Z","buildId":"df522252-746a-4cb1-8c61-6a5cd35a7474","buildName":"projects/454553151846/locations/us-central1/builds/df522252-746a-4cb1-8c61-6a5cd35a7474"}}
[debug] [2023-04-01T20:38:28.434Z] [update-default-us-central1-app] Retrying task index 0
[debug] [2023-04-01T20:38:28.434Z] >>> [apiv2][query] GET https://cloudfunctions.googleapis.com/v1/operations/ZXBpY3VyZS1zZXJ2ZXItMS91cy1jZW50cmFsMS9hcHAvdGpVNHNIcEs5WTA [none]
[debug] [2023-04-01T20:38:29.007Z] <<< [apiv2][status] GET https://cloudfunctions.googleapis.com/v1/operations/ZXBpY3VyZS1zZXJ2ZXItMS91cy1jZW50cmFsMS9hcHAvdGpVNHNIcEs5WTA 200
[debug] [2023-04-01T20:38:29.007Z] <<< [apiv2][body] GET https://cloudfunctions.googleapis.com/v1/operations/ZXBpY3VyZS1zZXJ2ZXItMS91cy1jZW50cmFsMS9hcHAvdGpVNHNIcEs5WTA {"name":"operations/ZXBpY3VyZS1zZXJ2ZXItMS91cy1jZW50cmFsMS9hcHAvdGpVNHNIcEs5WTA","metadata":{"@type":"type.googleapis.com/google.cloud.functions.v1.OperationMetadataV1","target":"projects/epicure-server-1/locations/us-central1/functions/app","type":"UPDATE_FUNCTION","request":{"@type":"type.googleapis.com/google.cloud.functions.v1.CloudFunction","name":"projects/epicure-server-1/locations/us-central1/functions/app","httpsTrigger":{"url":"https://us-central1-epicure-server-1.cloudfunctions.net/app","securityLevel":"SECURE_ALWAYS"},"status":"OFFLINE","entryPoint":"app","updateTime":"2023-04-01T20:26:55.241Z","versionId":"1","labels":{"deployment-tool":"cli-firebase","firebase-functions-hash":"7262122dbf1af446c944d090f9787c7933d6b675"},"sourceUploadUrl":"https://storage.googleapis.com/uploads-908860969082.us-central1.cloudfunctions.appspot.com/e79cc98c-39b3-405a-95e0-a6e73db2b509.zip?GoogleAccessId=service-454553151846@gcf-admin-robot.iam.gserviceaccount.com&Expires=1680383285&Signature=eyxAodXzyu%2Fj2piAgCbqehar5G%2FRkR0a4PWSTOz1qXjiLJf4M1IeXrIohkVbcVnG3aF8S4TdbG9AQa%2FbHsY051yaXtigoZZISi1alQAv1r38HNnv73mms0P0hDLQt3QZU99LhVid7E5CFAQArpgtyu8QarBBP%2BfBnv0bR8qHmW3%2FOPAFxHvd5btkWx47W20z1aLeUP%2BRNqsIub2goMOkpu2CFcoHUjdqYfSYFrOaULy6zUXB%2FHnHdLFXX4KnSEZD229Y4xgpNrbYSzMJ4vaLxBiOIpPTitVz2TyvicRQaNMSz%2BA%2BToYava56Pncny7qUe%2BuS2IXPAyiKWZRtLkwV0Q%3D%3D","environmentVariables":{"FIREBASE_CONFIG":"{\"projectId\":\"epicure-server-1\",\"storageBucket\":\"epicure-server-1.appspot.com\"}","GCLOUD_PROJECT":"epicure-server-1","EVENTARC_CLOUD_EVENT_SOURCE":"projects/epicure-server-1/locations/us-central1/functions/app"},"runtime":"nodejs16","buildId":"08027374-aa8f-4b88-808f-2cd4af2db575","buildName":"projects/454553151846/locations/us-central1/builds/08027374-aa8f-4b88-808f-2cd4af2db575","dockerRegistry":"ARTIFACT_REGISTRY"},"versionId":"2","updateTime":"2023-04-01T20:38:09Z","buildId":"df522252-746a-4cb1-8c61-6a5cd35a7474","buildName":"projects/454553151846/locations/us-central1/builds/df522252-746a-4cb1-8c61-6a5cd35a7474"}}
[debug] [2023-04-01T20:38:39.020Z] [update-default-us-central1-app] Retrying task index 0
[debug] [2023-04-01T20:38:39.021Z] >>> [apiv2][query] GET https://cloudfunctions.googleapis.com/v1/operations/ZXBpY3VyZS1zZXJ2ZXItMS91cy1jZW50cmFsMS9hcHAvdGpVNHNIcEs5WTA [none]
[debug] [2023-04-01T20:38:39.525Z] <<< [apiv2][status] GET https://cloudfunctions.googleapis.com/v1/operations/ZXBpY3VyZS1zZXJ2ZXItMS91cy1jZW50cmFsMS9hcHAvdGpVNHNIcEs5WTA 200
[debug] [2023-04-01T20:38:39.526Z] <<< [apiv2][body] GET https://cloudfunctions.googleapis.com/v1/operations/ZXBpY3VyZS1zZXJ2ZXItMS91cy1jZW50cmFsMS9hcHAvdGpVNHNIcEs5WTA {"name":"operations/ZXBpY3VyZS1zZXJ2ZXItMS91cy1jZW50cmFsMS9hcHAvdGpVNHNIcEs5WTA","metadata":{"@type":"type.googleapis.com/google.cloud.functions.v1.OperationMetadataV1","target":"projects/epicure-server-1/locations/us-central1/functions/app","type":"UPDATE_FUNCTION","request":{"@type":"type.googleapis.com/google.cloud.functions.v1.CloudFunction","name":"projects/epicure-server-1/locations/us-central1/functions/app","httpsTrigger":{"url":"https://us-central1-epicure-server-1.cloudfunctions.net/app","securityLevel":"SECURE_ALWAYS"},"status":"OFFLINE","entryPoint":"app","updateTime":"2023-04-01T20:26:55.241Z","versionId":"1","labels":{"deployment-tool":"cli-firebase","firebase-functions-hash":"7262122dbf1af446c944d090f9787c7933d6b675"},"sourceUploadUrl":"https://storage.googleapis.com/uploads-908860969082.us-central1.cloudfunctions.appspot.com/e79cc98c-39b3-405a-95e0-a6e73db2b509.zip?GoogleAccessId=service-454553151846@gcf-admin-robot.iam.gserviceaccount.com&Expires=1680383285&Signature=eyxAodXzyu%2Fj2piAgCbqehar5G%2FRkR0a4PWSTOz1qXjiLJf4M1IeXrIohkVbcVnG3aF8S4TdbG9AQa%2FbHsY051yaXtigoZZISi1alQAv1r38HNnv73mms0P0hDLQt3QZU99LhVid7E5CFAQArpgtyu8QarBBP%2BfBnv0bR8qHmW3%2FOPAFxHvd5btkWx47W20z1aLeUP%2BRNqsIub2goMOkpu2CFcoHUjdqYfSYFrOaULy6zUXB%2FHnHdLFXX4KnSEZD229Y4xgpNrbYSzMJ4vaLxBiOIpPTitVz2TyvicRQaNMSz%2BA%2BToYava56Pncny7qUe%2BuS2IXPAyiKWZRtLkwV0Q%3D%3D","environmentVariables":{"FIREBASE_CONFIG":"{\"projectId\":\"epicure-server-1\",\"storageBucket\":\"epicure-server-1.appspot.com\"}","GCLOUD_PROJECT":"epicure-server-1","EVENTARC_CLOUD_EVENT_SOURCE":"projects/epicure-server-1/locations/us-central1/functions/app"},"runtime":"nodejs16","buildId":"08027374-aa8f-4b88-808f-2cd4af2db575","buildName":"projects/454553151846/locations/us-central1/builds/08027374-aa8f-4b88-808f-2cd4af2db575","dockerRegistry":"ARTIFACT_REGISTRY"},"versionId":"2","updateTime":"2023-04-01T20:38:09Z","buildId":"df522252-746a-4cb1-8c61-6a5cd35a7474","buildName":"projects/454553151846/locations/us-central1/builds/df522252-746a-4cb1-8c61-6a5cd35a7474"}}
[debug] [2023-04-01T20:38:49.534Z] [update-default-us-central1-app] Retrying task index 0
[debug] [2023-04-01T20:38:49.534Z] >>> [apiv2][query] GET https://cloudfunctions.googleapis.com/v1/operations/ZXBpY3VyZS1zZXJ2ZXItMS91cy1jZW50cmFsMS9hcHAvdGpVNHNIcEs5WTA [none]
[debug] [2023-04-01T20:38:49.920Z] <<< [apiv2][status] GET https://cloudfunctions.googleapis.com/v1/operations/ZXBpY3VyZS1zZXJ2ZXItMS91cy1jZW50cmFsMS9hcHAvdGpVNHNIcEs5WTA 200
[debug] [2023-04-01T20:38:49.920Z] <<< [apiv2][body] GET https://cloudfunctions.googleapis.com/v1/operations/ZXBpY3VyZS1zZXJ2ZXItMS91cy1jZW50cmFsMS9hcHAvdGpVNHNIcEs5WTA {"name":"operations/ZXBpY3VyZS1zZXJ2ZXItMS91cy1jZW50cmFsMS9hcHAvdGpVNHNIcEs5WTA","metadata":{"@type":"type.googleapis.com/google.cloud.functions.v1.OperationMetadataV1","target":"projects/epicure-server-1/locations/us-central1/functions/app","type":"UPDATE_FUNCTION","request":{"@type":"type.googleapis.com/google.cloud.functions.v1.CloudFunction","name":"projects/epicure-server-1/locations/us-central1/functions/app","httpsTrigger":{"url":"https://us-central1-epicure-server-1.cloudfunctions.net/app","securityLevel":"SECURE_ALWAYS"},"status":"OFFLINE","entryPoint":"app","updateTime":"2023-04-01T20:26:55.241Z","versionId":"1","labels":{"deployment-tool":"cli-firebase","firebase-functions-hash":"7262122dbf1af446c944d090f9787c7933d6b675"},"sourceUploadUrl":"https://storage.googleapis.com/uploads-908860969082.us-central1.cloudfunctions.appspot.com/e79cc98c-39b3-405a-95e0-a6e73db2b509.zip?GoogleAccessId=service-454553151846@gcf-admin-robot.iam.gserviceaccount.com&Expires=1680383285&Signature=eyxAodXzyu%2Fj2piAgCbqehar5G%2FRkR0a4PWSTOz1qXjiLJf4M1IeXrIohkVbcVnG3aF8S4TdbG9AQa%2FbHsY051yaXtigoZZISi1alQAv1r38HNnv73mms0P0hDLQt3QZU99LhVid7E5CFAQArpgtyu8QarBBP%2BfBnv0bR8qHmW3%2FOPAFxHvd5btkWx47W20z1aLeUP%2BRNqsIub2goMOkpu2CFcoHUjdqYfSYFrOaULy6zUXB%2FHnHdLFXX4KnSEZD229Y4xgpNrbYSzMJ4vaLxBiOIpPTitVz2TyvicRQaNMSz%2BA%2BToYava56Pncny7qUe%2BuS2IXPAyiKWZRtLkwV0Q%3D%3D","environmentVariables":{"FIREBASE_CONFIG":"{\"projectId\":\"epicure-server-1\",\"storageBucket\":\"epicure-server-1.appspot.com\"}","GCLOUD_PROJECT":"epicure-server-1","EVENTARC_CLOUD_EVENT_SOURCE":"projects/epicure-server-1/locations/us-central1/functions/app"},"runtime":"nodejs16","buildId":"08027374-aa8f-4b88-808f-2cd4af2db575","buildName":"projects/454553151846/locations/us-central1/builds/08027374-aa8f-4b88-808f-2cd4af2db575","dockerRegistry":"ARTIFACT_REGISTRY"},"versionId":"2","updateTime":"2023-04-01T20:38:39Z","buildId":"df522252-746a-4cb1-8c61-6a5cd35a7474","buildName":"projects/454553151846/locations/us-central1/builds/df522252-746a-4cb1-8c61-6a5cd35a7474"},"done":true,"error":{"code":3,"message":"Build failed: ...5 from lock file\nnpm ERR! Missing: @types/whatwg-url@8.2.2 from lock file\nnpm ERR! Missing: whatwg-url@11.0.0 from lock file\nnpm ERR! Missing: @types/webidl-conversions@7.0.0 from lock file\nnpm ERR! Missing: debug@4.3.4 from lock file\nnpm ERR! Missing: abbrev@1.1.1 from lock file\nnpm ERR! Missing: are-we-there-yet@2.0.0 from lock file\nnpm ERR! Missing: console-control-strings@1.1.0 from lock file\nnpm ERR! Missing: gauge@3.0.2 from lock file\nnpm ERR! Missing: set-blocking@2.0.0 from lock file\nnpm ERR! Missing: delegates@1.0.0 from lock file\nnpm ERR! Missing: aproba@2.0.0 from lock file\nnpm ERR! Missing: color-support@1.1.3 from lock file\nnpm ERR! Missing: has-unicode@2.0.1 from lock file\nnpm ERR! Missing: wide-align@1.1.5 from lock file\nnpm ERR! Missing: sparse-bitfield@3.0.3 from lock file\nnpm ERR! Missing: ip@2.0.0 from lock file\nnpm ERR! Missing: smart-buffer@4.2.0 from lock file\nnpm ERR! Missing: memory-pager@1.5.0 from lock file\nnpm ERR! Missing: chownr@2.0.0 from lock file\nnpm ERR! Missing: fs-minipass@2.1.0 from lock file\nnpm ERR! Missing: minipass@4.2.5 from lock file\nnpm ERR! Missing: minizlib@2.1.2 from lock file\nnpm ERR! Missing: minipass@3.3.6 from lock file\nnpm ERR! Missing: minipass@3.3.6 from lock file\nnpm ERR! Missing: @cspotcode/source-map-support@0.8.1 from lock file\nnpm ERR! Missing: @tsconfig/node10@1.0.9 from lock file\nnpm ERR! Missing: @tsconfig/node12@1.0.11 from lock file\nnpm ERR! Missing: @tsconfig/node14@1.0.3 from lock file\nnpm ERR! Missing: acorn-walk@8.2.0 from lock file\nnpm ERR! Missing: arg@4.1.3 from lock file\nnpm ERR! Missing: create-require@1.1.1 from lock file\nnpm ERR! Missing: diff@4.0.2 from lock file\nnpm ERR! Missing: make-error@1.3.6 from lock file\nnpm ERR! Missing: v8-compile-cache-lib@3.0.1 from lock file\nnpm ERR! Missing: yn@3.1.1 from lock file\nnpm ERR! Missing: @jridgewell/trace-mapping@0.3.9 from lock file\nnpm ERR! Missing: tr46@3.0.0 from lock file\nnpm ERR! Missing: webidl-conversions@7.0.0 from lock file\nnpm ERR! Missing: punycode@2.3.0 from lock file\nnpm ERR! Missing: ms@2.1.2 from lock file\nnpm ERR! \nnpm ERR! Clean install a project\nnpm ERR! \nnpm ERR! Usage:\nnpm ERR! npm ci\nnpm ERR! \nnpm ERR! Options:\nnpm ERR! [-S|--save|--no-save|--save-prod|--save-dev|--save-optional|--save-peer|--save-bundle]\nnpm ERR! [-E|--save-exact] [-g|--global] [--global-style] [--legacy-bundling]\nnpm ERR! [--omit <dev|optional|peer> [--omit <dev|optional|peer> ...]]\nnpm ERR! [--strict-peer-deps] [--no-package-lock] [--foreground-scripts]\nnpm ERR! [--ignore-scripts] [--no-audit] [--no-bin-links] [--no-fund] [--dry-run]\nnpm ERR! [-w|--workspace <workspace-name> [-w|--workspace <workspace-name> ...]]\nnpm ERR! [-ws|--workspaces] [--include-workspace-root] [--install-links]\nnpm ERR! \nnpm ERR! aliases: clean-install, ic, install-clean, isntall-clean\nnpm ERR! \nnpm ERR! Run \"npm help ci\" for more info\n\nnpm ERR! A complete log of this run can be found in:\nnpm ERR!     /www-data-home/.npm/_logs/2023-04-01T20_38_29_075Z-debug-0.log; Error ID: beaf8772"}}
[debug] [2023-04-01T20:38:49.920Z] Got source token undefined for region us-central1
[error] Build failed: ...5 from lock file
npm ERR! Missing: @types/whatwg-url@8.2.2 from lock file
npm ERR! Missing: whatwg-url@11.0.0 from lock file
npm ERR! Missing: @types/webidl-conversions@7.0.0 from lock file
npm ERR! Missing: debug@4.3.4 from lock file
npm ERR! Missing: abbrev@1.1.1 from lock file
npm ERR! Missing: are-we-there-yet@2.0.0 from lock file
npm ERR! Missing: console-control-strings@1.1.0 from lock file
npm ERR! Missing: gauge@3.0.2 from lock file
npm ERR! Missing: set-blocking@2.0.0 from lock file
npm ERR! Missing: delegates@1.0.0 from lock file
npm ERR! Missing: aproba@2.0.0 from lock file
npm ERR! Missing: color-support@1.1.3 from lock file
npm ERR! Missing: has-unicode@2.0.1 from lock file
npm ERR! Missing: wide-align@1.1.5 from lock file
npm ERR! Missing: sparse-bitfield@3.0.3 from lock file
npm ERR! Missing: ip@2.0.0 from lock file
npm ERR! Missing: smart-buffer@4.2.0 from lock file
npm ERR! Missing: memory-pager@1.5.0 from lock file
npm ERR! Missing: chownr@2.0.0 from lock file
npm ERR! Missing: fs-minipass@2.1.0 from lock file
npm ERR! Missing: minipass@4.2.5 from lock file
npm ERR! Missing: minizlib@2.1.2 from lock file
npm ERR! Missing: minipass@3.3.6 from lock file
npm ERR! Missing: minipass@3.3.6 from lock file
npm ERR! Missing: @cspotcode/source-map-support@0.8.1 from lock file
npm ERR! Missing: @tsconfig/node10@1.0.9 from lock file
npm ERR! Missing: @tsconfig/node12@1.0.11 from lock file
npm ERR! Missing: @tsconfig/node14@1.0.3 from lock file
npm ERR! Missing: acorn-walk@8.2.0 from lock file
npm ERR! Missing: arg@4.1.3 from lock file
npm ERR! Missing: create-require@1.1.1 from lock file
npm ERR! Missing: diff@4.0.2 from lock file
npm ERR! Missing: make-error@1.3.6 from lock file
npm ERR! Missing: v8-compile-cache-lib@3.0.1 from lock file
npm ERR! Missing: yn@3.1.1 from lock file
npm ERR! Missing: @jridgewell/trace-mapping@0.3.9 from lock file
npm ERR! Missing: tr46@3.0.0 from lock file
npm ERR! Missing: webidl-conversions@7.0.0 from lock file
npm ERR! Missing: punycode@2.3.0 from lock file
npm ERR! Missing: ms@2.1.2 from lock file
npm ERR! 
npm ERR! Clean install a project
npm ERR! 
npm ERR! Usage:
npm ERR! npm ci
npm ERR! 
npm ERR! Options:
npm ERR! [-S|--save|--no-save|--save-prod|--save-dev|--save-optional|--save-peer|--save-bundle]
npm ERR! [-E|--save-exact] [-g|--global] [--global-style] [--legacy-bundling]
npm ERR! [--omit <dev|optional|peer> [--omit <dev|optional|peer> ...]]
npm ERR! [--strict-peer-deps] [--no-package-lock] [--foreground-scripts]
npm ERR! [--ignore-scripts] [--no-audit] [--no-bin-links] [--no-fund] [--dry-run]
npm ERR! [-w|--workspace <workspace-name> [-w|--workspace <workspace-name> ...]]
npm ERR! [-ws|--workspaces] [--include-workspace-root] [--install-links]
npm ERR! 
npm ERR! aliases: clean-install, ic, install-clean, isntall-clean
npm ERR! 
npm ERR! Run "npm help ci" for more info

npm ERR! A complete log of this run can be found in:
npm ERR!     /www-data-home/.npm/_logs/2023-04-01T20_38_29_075Z-debug-0.log; Error ID: beaf8772
[debug] [2023-04-01T20:38:49.936Z] Total Function Deployment time: 41411
[debug] [2023-04-01T20:38:49.936Z] 1 Functions Deployed
[debug] [2023-04-01T20:38:49.936Z] 1 Functions Errored
[debug] [2023-04-01T20:38:49.936Z] 0 Function Deployments Aborted
[debug] [2023-04-01T20:38:49.936Z] Average Function Deployment time: 41410
[info] 
[info] Functions deploy had errors with the following functions:
	app(us-central1)
[debug] [2023-04-01T20:38:50.330Z] Not printing URL for HTTPS function. Typically this means it didn't match a filter or we failed deployment
[info] i  functions: cleaning up build files... 
[debug] [2023-04-01T20:38:50.332Z] >>> [apiv2][query] DELETE https://artifactregistry.googleapis.com/v1beta2/projects/epicure-server-1/locations/us-central1/repositories/gcf-artifacts/packages/app [none]
[debug] [2023-04-01T20:38:50.333Z] >>> [apiv2][query] GET https://us.gcr.io/v2/epicure-server-1/gcf/us-central1/tags/list [none]
[debug] [2023-04-01T20:38:51.148Z] <<< [apiv2][status] GET https://us.gcr.io/v2/epicure-server-1/gcf/us-central1/tags/list 200
[debug] [2023-04-01T20:38:51.148Z] <<< [apiv2][body] GET https://us.gcr.io/v2/epicure-server-1/gcf/us-central1/tags/list {"child":[],"manifest":{},"name":"epicure-server-1/gcf/us-central1","tags":[]}
[debug] [2023-04-01T20:38:51.149Z] Could not find image for function projects/epicure-server-1/locations/us-central1/functions/app
[debug] [2023-04-01T20:38:51.559Z] <<< [apiv2][status] DELETE https://artifactregistry.googleapis.com/v1beta2/projects/epicure-server-1/locations/us-central1/repositories/gcf-artifacts/packages/app 404
[debug] [2023-04-01T20:38:51.559Z] <<< [apiv2][body] DELETE https://artifactregistry.googleapis.com/v1beta2/projects/epicure-server-1/locations/us-central1/repositories/gcf-artifacts/packages/app {"error":{"code":404,"message":"Package \"projects/epicure-server-1/locations/us-central1/repositories/gcf-artifacts/packages/app\" was not found.","status":"NOT_FOUND"}}
[debug] [2023-04-01T20:38:51.560Z] Functions deploy failed.
[debug] [2023-04-01T20:38:51.560Z] {
  "endpoint": {
    "id": "app",
    "project": "epicure-server-1",
    "region": "us-central1",
    "entryPoint": "app",
    "platform": "gcfv1",
    "runtime": "nodejs16",
    "httpsTrigger": {},
    "serviceAccount": null,
    "ingressSettings": null,
    "availableMemoryMb": null,
    "timeoutSeconds": null,
    "maxInstances": null,
    "minInstances": null,
    "vpc": null,
    "environmentVariables": {
      "FIREBASE_CONFIG": "{\"projectId\":\"epicure-server-1\",\"storageBucket\":\"epicure-server-1.appspot.com\"}",
      "GCLOUD_PROJECT": "epicure-server-1",
      "EVENTARC_CLOUD_EVENT_SOURCE": "projects/epicure-server-1/locations/us-central1/functions/app"
    },
    "codebase": "default",
    "securityLevel": "SECURE_ALWAYS",
    "targetedByOnly": false,
    "hash": "7262122dbf1af446c944d090f9787c7933d6b675",
    "labels": {
      "deployment-tool": "cli-firebase"
    }
  },
  "op": "update",
  "original": {
    "name": "FirebaseError",
    "children": [],
    "exit": 1,
    "message": "Build failed: ...5 from lock file\nnpm ERR! Missing: @types/whatwg-url@8.2.2 from lock file\nnpm ERR! Missing: whatwg-url@11.0.0 from lock file\nnpm ERR! Missing: @types/webidl-conversions@7.0.0 from lock file\nnpm ERR! Missing: debug@4.3.4 from lock file\nnpm ERR! Missing: abbrev@1.1.1 from lock file\nnpm ERR! Missing: are-we-there-yet@2.0.0 from lock file\nnpm ERR! Missing: console-control-strings@1.1.0 from lock file\nnpm ERR! Missing: gauge@3.0.2 from lock file\nnpm ERR! Missing: set-blocking@2.0.0 from lock file\nnpm ERR! Missing: delegates@1.0.0 from lock file\nnpm ERR! Missing: aproba@2.0.0 from lock file\nnpm ERR! Missing: color-support@1.1.3 from lock file\nnpm ERR! Missing: has-unicode@2.0.1 from lock file\nnpm ERR! Missing: wide-align@1.1.5 from lock file\nnpm ERR! Missing: sparse-bitfield@3.0.3 from lock file\nnpm ERR! Missing: ip@2.0.0 from lock file\nnpm ERR! Missing: smart-buffer@4.2.0 from lock file\nnpm ERR! Missing: memory-pager@1.5.0 from lock file\nnpm ERR! Missing: chownr@2.0.0 from lock file\nnpm ERR! Missing: fs-minipass@2.1.0 from lock file\nnpm ERR! Missing: minipass@4.2.5 from lock file\nnpm ERR! Missing: minizlib@2.1.2 from lock file\nnpm ERR! Missing: minipass@3.3.6 from lock file\nnpm ERR! Missing: minipass@3.3.6 from lock file\nnpm ERR! Missing: @cspotcode/source-map-support@0.8.1 from lock file\nnpm ERR! Missing: @tsconfig/node10@1.0.9 from lock file\nnpm ERR! Missing: @tsconfig/node12@1.0.11 from lock file\nnpm ERR! Missing: @tsconfig/node14@1.0.3 from lock file\nnpm ERR! Missing: acorn-walk@8.2.0 from lock file\nnpm ERR! Missing: arg@4.1.3 from lock file\nnpm ERR! Missing: create-require@1.1.1 from lock file\nnpm ERR! Missing: diff@4.0.2 from lock file\nnpm ERR! Missing: make-error@1.3.6 from lock file\nnpm ERR! Missing: v8-compile-cache-lib@3.0.1 from lock file\nnpm ERR! Missing: yn@3.1.1 from lock file\nnpm ERR! Missing: @jridgewell/trace-mapping@0.3.9 from lock file\nnpm ERR! Missing: tr46@3.0.0 from lock file\nnpm ERR! Missing: webidl-conversions@7.0.0 from lock file\nnpm ERR! Missing: punycode@2.3.0 from lock file\nnpm ERR! Missing: ms@2.1.2 from lock file\nnpm ERR! \nnpm ERR! Clean install a project\nnpm ERR! \nnpm ERR! Usage:\nnpm ERR! npm ci\nnpm ERR! \nnpm ERR! Options:\nnpm ERR! [-S|--save|--no-save|--save-prod|--save-dev|--save-optional|--save-peer|--save-bundle]\nnpm ERR! [-E|--save-exact] [-g|--global] [--global-style] [--legacy-bundling]\nnpm ERR! [--omit <dev|optional|peer> [--omit <dev|optional|peer> ...]]\nnpm ERR! [--strict-peer-deps] [--no-package-lock] [--foreground-scripts]\nnpm ERR! [--ignore-scripts] [--no-audit] [--no-bin-links] [--no-fund] [--dry-run]\nnpm ERR! [-w|--workspace <workspace-name> [-w|--workspace <workspace-name> ...]]\nnpm ERR! [-ws|--workspaces] [--include-workspace-root] [--install-links]\nnpm ERR! \nnpm ERR! aliases: clean-install, ic, install-clean, isntall-clean\nnpm ERR! \nnpm ERR! Run \"npm help ci\" for more info\n\nnpm ERR! A complete log of this run can be found in:\nnpm ERR!     /www-data-home/.npm/_logs/2023-04-01T20_38_29_075Z-debug-0.log; Error ID: beaf8772",
    "status": 3
  }
}
[debug] [2023-04-01T20:38:52.043Z] Error: Failed to update function app in region us-central1
    at C:\Users\Mohamed Abuabied\AppData\Roaming\npm\node_modules\firebase-tools\lib\deploy\functions\release\fabricator.js:48:11
    at process.processTicksAndRejections (node:internal/process/task_queues:95:5)
    at async Fabricator.updateV1Function (C:\Users\Mohamed Abuabied\AppData\Roaming\npm\node_modules\firebase-tools\lib\deploy\functions\release\fabricator.js:323:32)
    at async Fabricator.updateEndpoint (C:\Users\Mohamed Abuabied\AppData\Roaming\npm\node_modules\firebase-tools\lib\deploy\functions\release\fabricator.js:147:13)
    at async handle (C:\Users\Mohamed Abuabied\AppData\Roaming\npm\node_modules\firebase-tools\lib\deploy\functions\release\fabricator.js:85:17)
[error] 
[error] Error: There was an error deploying functions
[debug] [2023-04-16T19:02:41.189Z] ----------------------------------------------------------------------
[debug] [2023-04-16T19:02:41.191Z] Command:       C:\Program Files\nodejs\node.exe C:\Users\Mohamed Abuabied\AppData\Roaming\npm\node_modules\firebase-tools\lib\bin\firebase.js deploy
[debug] [2023-04-16T19:02:41.192Z] CLI Version:   11.25.2
[debug] [2023-04-16T19:02:41.192Z] Platform:      win32
[debug] [2023-04-16T19:02:41.192Z] Node Version:  v18.14.1
[debug] [2023-04-16T19:02:41.193Z] Time:          Sun Apr 16 2023 22:02:41 GMT+0300 (Israel Daylight Time)
[debug] [2023-04-16T19:02:41.193Z] ----------------------------------------------------------------------
[debug] 
[debug] [2023-04-16T19:02:41.196Z] >>> [apiv2][query] GET https://firebase-public.firebaseio.com/cli.json [none]
[debug] [2023-04-16T19:02:41.292Z] > command requires scopes: ["email","openid","https://www.googleapis.com/auth/cloudplatformprojects.readonly","https://www.googleapis.com/auth/firebase","https://www.googleapis.com/auth/cloud-platform"]
[debug] [2023-04-16T19:02:41.292Z] > authorizing via signed-in user (mohamed.abuabied@gmail.com)
[debug] [2023-04-16T19:02:41.293Z] [iam] checking project epicure-server-1 for permissions ["cloudfunctions.functions.create","cloudfunctions.functions.delete","cloudfunctions.functions.get","cloudfunctions.functions.list","cloudfunctions.functions.update","cloudfunctions.operations.get","firebase.projects.get","firebasehosting.sites.update"]
[debug] [2023-04-16T19:02:41.293Z] > refreshing access token with scopes: []
[debug] [2023-04-16T19:02:41.294Z] >>> [apiv2][query] POST https://www.googleapis.com/oauth2/v3/token [none]
[debug] [2023-04-16T19:02:41.294Z] >>> [apiv2][body] POST https://www.googleapis.com/oauth2/v3/token [omitted]
[debug] [2023-04-16T19:02:41.502Z] <<< [apiv2][status] POST https://www.googleapis.com/oauth2/v3/token 200
[debug] [2023-04-16T19:02:41.502Z] <<< [apiv2][body] POST https://www.googleapis.com/oauth2/v3/token [omitted]
[debug] [2023-04-16T19:02:41.511Z] >>> [apiv2][query] POST https://cloudresourcemanager.googleapis.com/v1/projects/epicure-server-1:testIamPermissions [none]
[debug] [2023-04-16T19:02:41.511Z] >>> [apiv2][(partial)header] POST https://cloudresourcemanager.googleapis.com/v1/projects/epicure-server-1:testIamPermissions x-goog-quota-user=projects/epicure-server-1
[debug] [2023-04-16T19:02:41.512Z] >>> [apiv2][body] POST https://cloudresourcemanager.googleapis.com/v1/projects/epicure-server-1:testIamPermissions {"permissions":["cloudfunctions.functions.create","cloudfunctions.functions.delete","cloudfunctions.functions.get","cloudfunctions.functions.list","cloudfunctions.functions.update","cloudfunctions.operations.get","firebase.projects.get","firebasehosting.sites.update"]}
[debug] [2023-04-16T19:02:41.726Z] <<< [apiv2][status] GET https://firebase-public.firebaseio.com/cli.json 200
[debug] [2023-04-16T19:02:41.726Z] <<< [apiv2][body] GET https://firebase-public.firebaseio.com/cli.json {"cloudBuildErrorAfter":1594252800000,"cloudBuildWarnAfter":1590019200000,"defaultNode10After":1594252800000,"minVersion":"3.0.5","node8DeploysDisabledAfter":1613390400000,"node8RuntimeDisabledAfter":1615809600000,"node8WarnAfter":1600128000000}
[debug] [2023-04-16T19:02:43.262Z] <<< [apiv2][status] POST https://cloudresourcemanager.googleapis.com/v1/projects/epicure-server-1:testIamPermissions 200
[debug] [2023-04-16T19:02:43.262Z] <<< [apiv2][body] POST https://cloudresourcemanager.googleapis.com/v1/projects/epicure-server-1:testIamPermissions {"permissions":["cloudfunctions.functions.create","cloudfunctions.functions.delete","cloudfunctions.functions.get","cloudfunctions.functions.list","cloudfunctions.functions.update","cloudfunctions.operations.get","firebase.projects.get","firebasehosting.sites.update"]}
[debug] [2023-04-16T19:02:43.262Z] >>> [apiv2][query] POST https://iam.googleapis.com/v1/projects/epicure-server-1/serviceAccounts/epicure-server-1@appspot.gserviceaccount.com:testIamPermissions [none]
[debug] [2023-04-16T19:02:43.262Z] >>> [apiv2][body] POST https://iam.googleapis.com/v1/projects/epicure-server-1/serviceAccounts/epicure-server-1@appspot.gserviceaccount.com:testIamPermissions {"permissions":["iam.serviceAccounts.actAs"]}
[debug] [2023-04-16T19:02:46.962Z] <<< [apiv2][status] POST https://iam.googleapis.com/v1/projects/epicure-server-1/serviceAccounts/epicure-server-1@appspot.gserviceaccount.com:testIamPermissions 200
[debug] [2023-04-16T19:02:46.962Z] <<< [apiv2][body] POST https://iam.googleapis.com/v1/projects/epicure-server-1/serviceAccounts/epicure-server-1@appspot.gserviceaccount.com:testIamPermissions {"permissions":["iam.serviceAccounts.actAs"]}
[debug] [2023-04-16T19:02:46.963Z] >>> [apiv2][query] GET https://firebase.googleapis.com/v1beta1/projects/epicure-server-1 [none]
[debug] [2023-04-16T19:02:47.562Z] <<< [apiv2][status] GET https://firebase.googleapis.com/v1beta1/projects/epicure-server-1 200
[debug] [2023-04-16T19:02:47.562Z] <<< [apiv2][body] GET https://firebase.googleapis.com/v1beta1/projects/epicure-server-1 {"projectId":"epicure-server-1","projectNumber":"454553151846","displayName":"Epicure-Server-1","name":"projects/epicure-server-1","resources":{"hostingSite":"epicure-server-1"},"state":"ACTIVE","etag":"1_a60a0eae-5389-41b7-98fd-749ce934cf33"}
[info] 
[info] === Deploying to 'epicure-server-1'...
[info] 
[info] i  deploying functions, hosting 
[info] Running command: npm --prefix "$RESOURCE_DIR" run build
[info] +  functions: Finished running predeploy script. 
[debug] [2023-04-16T19:02:53.717Z] >>> [apiv2][query] GET https://firebase.googleapis.com/v1beta1/projects/epicure-server-1 [none]
[debug] [2023-04-16T19:02:54.117Z] <<< [apiv2][status] GET https://firebase.googleapis.com/v1beta1/projects/epicure-server-1 200
[debug] [2023-04-16T19:02:54.117Z] <<< [apiv2][body] GET https://firebase.googleapis.com/v1beta1/projects/epicure-server-1 {"projectId":"epicure-server-1","projectNumber":"454553151846","displayName":"Epicure-Server-1","name":"projects/epicure-server-1","resources":{"hostingSite":"epicure-server-1"},"state":"ACTIVE","etag":"1_a60a0eae-5389-41b7-98fd-749ce934cf33"}
[info] i  functions: preparing codebase default for deployment 
[info] i  functions: ensuring required API cloudfunctions.googleapis.com is enabled... 
[info] i  functions: ensuring required API cloudbuild.googleapis.com is enabled... 
[info] i  artifactregistry: ensuring required API artifactregistry.googleapis.com is enabled... 
[debug] [2023-04-16T19:02:54.120Z] >>> [apiv2][query] GET https://serviceusage.googleapis.com/v1/projects/epicure-server-1/services/cloudfunctions.googleapis.com [none]
[debug] [2023-04-16T19:02:54.121Z] >>> [apiv2][(partial)header] GET https://serviceusage.googleapis.com/v1/projects/epicure-server-1/services/cloudfunctions.googleapis.com x-goog-quota-user=projects/epicure-server-1
[debug] [2023-04-16T19:02:54.122Z] >>> [apiv2][query] GET https://serviceusage.googleapis.com/v1/projects/epicure-server-1/services/runtimeconfig.googleapis.com [none]
[debug] [2023-04-16T19:02:54.122Z] >>> [apiv2][(partial)header] GET https://serviceusage.googleapis.com/v1/projects/epicure-server-1/services/runtimeconfig.googleapis.com x-goog-quota-user=projects/epicure-server-1
[debug] [2023-04-16T19:02:54.123Z] >>> [apiv2][query] GET https://serviceusage.googleapis.com/v1/projects/epicure-server-1/services/cloudbuild.googleapis.com [none]
[debug] [2023-04-16T19:02:54.123Z] >>> [apiv2][(partial)header] GET https://serviceusage.googleapis.com/v1/projects/epicure-server-1/services/cloudbuild.googleapis.com x-goog-quota-user=projects/epicure-server-1
[debug] [2023-04-16T19:02:54.124Z] >>> [apiv2][query] GET https://serviceusage.googleapis.com/v1/projects/epicure-server-1/services/artifactregistry.googleapis.com [none]
[debug] [2023-04-16T19:02:54.125Z] >>> [apiv2][(partial)header] GET https://serviceusage.googleapis.com/v1/projects/epicure-server-1/services/artifactregistry.googleapis.com x-goog-quota-user=projects/epicure-server-1
[debug] [2023-04-16T19:02:55.552Z] <<< [apiv2][status] GET https://serviceusage.googleapis.com/v1/projects/epicure-server-1/services/cloudfunctions.googleapis.com 200
[debug] [2023-04-16T19:02:55.552Z] <<< [apiv2][body] GET https://serviceusage.googleapis.com/v1/projects/epicure-server-1/services/cloudfunctions.googleapis.com [omitted]
[info] +  functions: required API cloudfunctions.googleapis.com is enabled 
[debug] [2023-04-16T19:02:55.553Z] <<< [apiv2][status] GET https://serviceusage.googleapis.com/v1/projects/epicure-server-1/services/runtimeconfig.googleapis.com 200
[debug] [2023-04-16T19:02:55.553Z] <<< [apiv2][body] GET https://serviceusage.googleapis.com/v1/projects/epicure-server-1/services/runtimeconfig.googleapis.com [omitted]
[debug] [2023-04-16T19:02:55.554Z] <<< [apiv2][status] GET https://serviceusage.googleapis.com/v1/projects/epicure-server-1/services/artifactregistry.googleapis.com 200
[debug] [2023-04-16T19:02:55.554Z] <<< [apiv2][body] GET https://serviceusage.googleapis.com/v1/projects/epicure-server-1/services/artifactregistry.googleapis.com [omitted]
[info] +  artifactregistry: required API artifactregistry.googleapis.com is enabled 
[debug] [2023-04-16T19:02:55.555Z] <<< [apiv2][status] GET https://serviceusage.googleapis.com/v1/projects/epicure-server-1/services/cloudbuild.googleapis.com 200
[debug] [2023-04-16T19:02:55.555Z] <<< [apiv2][body] GET https://serviceusage.googleapis.com/v1/projects/epicure-server-1/services/cloudbuild.googleapis.com [omitted]
[info] +  functions: required API cloudbuild.googleapis.com is enabled 
[debug] [2023-04-16T19:02:55.556Z] >>> [apiv2][query] GET https://firebase.googleapis.com/v1beta1/projects/epicure-server-1/adminSdkConfig [none]
[debug] [2023-04-16T19:02:55.988Z] <<< [apiv2][status] GET https://firebase.googleapis.com/v1beta1/projects/epicure-server-1/adminSdkConfig 200
[debug] [2023-04-16T19:02:55.988Z] <<< [apiv2][body] GET https://firebase.googleapis.com/v1beta1/projects/epicure-server-1/adminSdkConfig {"projectId":"epicure-server-1","storageBucket":"epicure-server-1.appspot.com"}
[debug] [2023-04-16T19:02:55.988Z] >>> [apiv2][query] GET https://runtimeconfig.googleapis.com/v1beta1/projects/epicure-server-1/configs [none]
[debug] [2023-04-16T19:02:59.338Z] <<< [apiv2][status] GET https://runtimeconfig.googleapis.com/v1beta1/projects/epicure-server-1/configs 200
[debug] [2023-04-16T19:02:59.338Z] <<< [apiv2][body] GET https://runtimeconfig.googleapis.com/v1beta1/projects/epicure-server-1/configs {}
[debug] [2023-04-16T19:02:59.341Z] Validating nodejs source
[warn] !  functions: package.json indicates an outdated version of firebase-functions. Please upgrade using npm install --save firebase-functions@latest in your functions directory. 
[debug] [2023-04-16T19:03:01.037Z] > [functions] package.json contents: {
  "name": "functions",
  "scripts": {
    "build": "tsc",
    "build:watch": "tsc --watch",
    "serve": "npm run build && firebase emulators:start --only functions",
    "shell": "npm run build && firebase functions:shell",
    "start": "npm run shell",
    "deploy": "firebase deploy --only functions",
    "logs": "firebase functions:log"
  },
  "engines": {
    "node": "16"
  },
  "main": "lib/index.js",
  "dependencies": {
    "firebase-admin": "^11.5.0",
    "firebase-functions": "^4.2.0",
    "bcrypt": "^5.1.0",
    "cors": "^2.8.5",
    "express": "^4.18.2",
    "mongoose": "^6.8.1"
  },
  "devDependencies": {
    "typescript": "^4.9.0",
    "firebase-functions-test": "^3.0.0",
    "@tsconfig/node16": "^1.0.3",
    "@types/bcrypt": "^5.0.0",
    "@types/cors": "^2.8.13",
    "@types/express": "^4.17.14",
    "@types/node": "^18.11.13",
    "ts-node": "^10.9.1"
  },
  "private": true
}
[debug] [2023-04-16T19:03:01.037Z] Building nodejs source
[debug] [2023-04-16T19:03:01.038Z] Could not find functions.yaml. Must use http discovery
[debug] [2023-04-16T19:03:01.049Z] Found firebase-functions binary at 'C:\Users\Mohamed Abuabied\Documents\Tsofen\GitHub\Epicure_Backend\functions\node_modules\.bin\firebase-functions'
[debug] [2023-04-16T19:03:01.391Z] Serving at port 8543

[debug] [2023-04-16T19:03:02.541Z] Got response from /__/functions.yaml {"endpoints":{"app":{"platform":"gcfv1","availableMemoryMb":null,"timeoutSeconds":null,"minInstances":null,"maxInstances":null,"ingressSettings":null,"serviceAccountEmail":null,"vpc":null,"httpsTrigger":{},"entryPoint":"app"}},"specVersion":"v1alpha1","requiredAPIs":[]}
[debug] [2023-04-16T19:03:02.551Z] shutdown requested via /__/quitquitquit

[debug] [2023-04-16T19:03:04.912Z] Listening...

[info] i  functions: preparing functions directory for uploading... 
[info] i  functions: packaged C:\Users\Mohamed Abuabied\Documents\Tsofen\GitHub\Epicure_Backend\functions (100.71 KB) for uploading 
[debug] [2023-04-16T19:03:12.712Z] >>> [apiv2][query] GET https://cloudfunctions.googleapis.com/v1/projects/epicure-server-1/locations/-/functions [none]
[debug] [2023-04-16T19:03:13.570Z] <<< [apiv2][status] GET https://cloudfunctions.googleapis.com/v1/projects/epicure-server-1/locations/-/functions 200
[debug] [2023-04-16T19:03:13.570Z] <<< [apiv2][body] GET https://cloudfunctions.googleapis.com/v1/projects/epicure-server-1/locations/-/functions {"functions":[{"name":"projects/epicure-server-1/locations/us-central1/functions/app","httpsTrigger":{"url":"https://us-central1-epicure-server-1.cloudfunctions.net/app","securityLevel":"SECURE_ALWAYS"},"status":"OFFLINE","entryPoint":"app","timeout":"60s","availableMemoryMb":256,"serviceAccountEmail":"epicure-server-1@appspot.gserviceaccount.com","updateTime":"2023-04-01T20:26:55.241Z","versionId":"2","labels":{"deployment-tool":"cli-firebase","firebase-functions-hash":"7262122dbf1af446c944d090f9787c7933d6b675"},"sourceUploadUrl":"https://storage.googleapis.com/uploads-908860969082.us-central1.cloudfunctions.appspot.com/e79cc98c-39b3-405a-95e0-a6e73db2b509.zip","environmentVariables":{"FIREBASE_CONFIG":"{\"projectId\":\"epicure-server-1\",\"storageBucket\":\"epicure-server-1.appspot.com\"}","GCLOUD_PROJECT":"epicure-server-1","EVENTARC_CLOUD_EVENT_SOURCE":"projects/epicure-server-1/locations/us-central1/functions/app"},"runtime":"nodejs16","ingressSettings":"ALLOW_ALL","buildId":"df522252-746a-4cb1-8c61-6a5cd35a7474","buildName":"projects/454553151846/locations/us-central1/builds/df522252-746a-4cb1-8c61-6a5cd35a7474","dockerRegistry":"ARTIFACT_REGISTRY"}]}
[debug] [2023-04-16T19:03:13.571Z] >>> [apiv2][query] GET https://cloudfunctions.googleapis.com/v2/projects/epicure-server-1/locations/-/functions filter=environment%3D%22GEN_2%22
[debug] [2023-04-16T19:03:14.698Z] <<< [apiv2][status] GET https://cloudfunctions.googleapis.com/v2/projects/epicure-server-1/locations/-/functions 200
[debug] [2023-04-16T19:03:14.698Z] <<< [apiv2][body] GET https://cloudfunctions.googleapis.com/v2/projects/epicure-server-1/locations/-/functions {}
[debug] [2023-04-16T19:03:14.704Z] >>> [apiv2][query] GET https://firebase.googleapis.com/v1beta1/projects/epicure-server-1 [none]
[debug] [2023-04-16T19:03:15.209Z] <<< [apiv2][status] GET https://firebase.googleapis.com/v1beta1/projects/epicure-server-1 200
[debug] [2023-04-16T19:03:15.209Z] <<< [apiv2][body] GET https://firebase.googleapis.com/v1beta1/projects/epicure-server-1 {"projectId":"epicure-server-1","projectNumber":"454553151846","displayName":"Epicure-Server-1","name":"projects/epicure-server-1","resources":{"hostingSite":"epicure-server-1"},"state":"ACTIVE","etag":"1_a60a0eae-5389-41b7-98fd-749ce934cf33"}
[debug] [2023-04-16T19:03:15.213Z] >>> [apiv2][query] POST https://firebasehosting.googleapis.com/v1beta1/projects/-/sites/epicure-server-1/versions [none]
[debug] [2023-04-16T19:03:15.213Z] >>> [apiv2][body] POST https://firebasehosting.googleapis.com/v1beta1/projects/-/sites/epicure-server-1/versions {"status":"CREATED","labels":{"deployment-tool":"cli-firebase"}}
[debug] [2023-04-16T19:03:17.106Z] <<< [apiv2][status] POST https://firebasehosting.googleapis.com/v1beta1/projects/-/sites/epicure-server-1/versions 200
[debug] [2023-04-16T19:03:17.106Z] <<< [apiv2][body] POST https://firebasehosting.googleapis.com/v1beta1/projects/-/sites/epicure-server-1/versions {"name":"projects/454553151846/sites/epicure-server-1/versions/e5664e7e1b09b877","status":"CREATED","config":{},"labels":{"deployment-tool":"cli-firebase"}}
[info] i  hosting[epicure-server-1]: beginning deploy... 
[info] i  hosting[epicure-server-1]: found 2 files in public 
[debug] [2023-04-16T19:03:17.121Z] [hosting] uploading with 200 concurrency
[debug] [2023-04-16T19:03:17.126Z] [hosting] hash cache [cHVibGlj] stored for 2 files
[debug] [2023-04-16T19:03:17.126Z] [hosting][hash queue][FINAL] {"max":1,"min":1,"avg":1,"active":0,"complete":2,"success":2,"errored":0,"retried":0,"total":2,"elapsed":2}
[debug] [2023-04-16T19:03:17.126Z] >>> [apiv2][query] POST https://firebasehosting.googleapis.com/v1beta1/projects/454553151846/sites/epicure-server-1/versions/e5664e7e1b09b877:populateFiles [none]
[debug] [2023-04-16T19:03:17.126Z] >>> [apiv2][body] POST https://firebasehosting.googleapis.com/v1beta1/projects/454553151846/sites/epicure-server-1/versions/e5664e7e1b09b877:populateFiles {"files":{"/404.html":"daa499dd96d8229e73235345702ba32f0793f0c8e5c0d30e40e37a5872be57aa","/index.html":"29555a9254a61b2f8a54fe1e1ca94efcac79b99a1e81e7cc94e3aa21aa2b441b"}}
[debug] [2023-04-16T19:03:17.594Z] <<< [apiv2][status] POST https://firebasehosting.googleapis.com/v1beta1/projects/454553151846/sites/epicure-server-1/versions/e5664e7e1b09b877:populateFiles 200
[debug] [2023-04-16T19:03:17.594Z] <<< [apiv2][body] POST https://firebasehosting.googleapis.com/v1beta1/projects/454553151846/sites/epicure-server-1/versions/e5664e7e1b09b877:populateFiles {"uploadUrl":"https://upload-firebasehosting.googleapis.com/upload/sites/epicure-server-1/versions/e5664e7e1b09b877/files"}
[debug] [2023-04-16T19:03:17.594Z] [hosting][populate queue][FINAL] {"max":469,"min":469,"avg":469,"active":0,"complete":1,"success":1,"errored":0,"retried":0,"total":1,"elapsed":469}
[debug] [2023-04-16T19:03:17.594Z] [hosting] uploads queued: 0
[debug] [2023-04-16T19:03:17.594Z] [hosting][upload queue][FINAL] {"max":0,"min":9999999999,"avg":0,"active":0,"complete":0,"success":0,"errored":0,"retried":0,"total":0,"elapsed":1681671797594}
[info] +  hosting[epicure-server-1]: file upload complete 
[debug] [2023-04-16T19:03:17.595Z] [hosting] deploy completed after 487ms
[info] i  functions: Skipping the deploy of unchanged functions with experimental support for skipdeployingnoopfunctions 
[info] +  functions[app(us-central1)] Skipped (No changes detected) 
[debug] [2023-04-16T19:03:17.603Z] Total Function Deployment time: 0
[debug] [2023-04-16T19:03:17.604Z] 0 Functions Deployed
[debug] [2023-04-16T19:03:17.604Z] 0 Functions Errored
[debug] [2023-04-16T19:03:17.604Z] 0 Function Deployments Aborted
[debug] [2023-04-16T19:03:17.604Z] Average Function Deployment time: NaN
[debug] [2023-04-16T19:03:17.769Z] Not printing URL for HTTPS function. Typically this means it didn't match a filter or we failed deployment
[info] i  functions: cleaning up build files... 
[debug] [2023-04-16T19:03:17.771Z] >>> [apiv2][query] DELETE https://artifactregistry.googleapis.com/v1beta2/projects/epicure-server-1/locations/us-central1/repositories/gcf-artifacts/packages/app [none]
[debug] [2023-04-16T19:03:17.772Z] >>> [apiv2][query] GET https://us.gcr.io/v2/epicure-server-1/gcf/us-central1/tags/list [none]
[debug] [2023-04-16T19:03:18.331Z] <<< [apiv2][status] GET https://us.gcr.io/v2/epicure-server-1/gcf/us-central1/tags/list 200
[debug] [2023-04-16T19:03:18.331Z] <<< [apiv2][body] GET https://us.gcr.io/v2/epicure-server-1/gcf/us-central1/tags/list {"child":[],"manifest":{},"name":"epicure-server-1/gcf/us-central1","tags":[]}
[debug] [2023-04-16T19:03:18.331Z] Could not find image for function projects/epicure-server-1/locations/us-central1/functions/app
[debug] [2023-04-16T19:03:18.751Z] <<< [apiv2][status] DELETE https://artifactregistry.googleapis.com/v1beta2/projects/epicure-server-1/locations/us-central1/repositories/gcf-artifacts/packages/app 404
[debug] [2023-04-16T19:03:18.751Z] <<< [apiv2][body] DELETE https://artifactregistry.googleapis.com/v1beta2/projects/epicure-server-1/locations/us-central1/repositories/gcf-artifacts/packages/app {"error":{"code":404,"message":"Package \"projects/epicure-server-1/locations/us-central1/repositories/gcf-artifacts/packages/app\" was not found.","status":"NOT_FOUND"}}
[debug] [2023-04-16T19:03:18.752Z] [
  {
    "config": {
      "public": "public",
      "ignore": [
        "firebase.json",
        "**/.*",
        "**/node_modules/**"
      ],
      "site": "epicure-server-1"
    },
    "version": "projects/454553151846/sites/epicure-server-1/versions/e5664e7e1b09b877"
  }
]
[info] i  hosting[epicure-server-1]: finalizing version... 
[debug] [2023-04-16T19:03:18.753Z] >>> [apiv2][query] PATCH https://firebasehosting.googleapis.com/v1beta1/projects/-/sites/epicure-server-1/versions/e5664e7e1b09b877 updateMask=status%2Cconfig
[debug] [2023-04-16T19:03:18.753Z] >>> [apiv2][body] PATCH https://firebasehosting.googleapis.com/v1beta1/projects/-/sites/epicure-server-1/versions/e5664e7e1b09b877 {"status":"FINALIZED","config":{}}
[debug] [2023-04-16T19:03:20.022Z] <<< [apiv2][status] PATCH https://firebasehosting.googleapis.com/v1beta1/projects/-/sites/epicure-server-1/versions/e5664e7e1b09b877 200
[debug] [2023-04-16T19:03:20.023Z] <<< [apiv2][body] PATCH https://firebasehosting.googleapis.com/v1beta1/projects/-/sites/epicure-server-1/versions/e5664e7e1b09b877 {"name":"projects/454553151846/sites/epicure-server-1/versions/e5664e7e1b09b877","status":"FINALIZED","config":{},"labels":{"deployment-tool":"cli-firebase"},"createTime":"2023-04-16T19:03:16.299586Z","createUser":{"email":"mohamed.abuabied@gmail.com"},"finalizeTime":"2023-04-16T19:03:19.725432Z","finalizeUser":{"email":"mohamed.abuabied@gmail.com"}}
[debug] [2023-04-16T19:03:20.023Z] [hosting] finalized version for epicure-server-1:[object Object]
[info] +  hosting[epicure-server-1]: version finalized 
[info] i  hosting[epicure-server-1]: releasing new version... 
[debug] [2023-04-16T19:03:20.024Z] >>> [apiv2][query] POST https://firebasehosting.googleapis.com/v1beta1/projects/-/sites/epicure-server-1/channels/live/releases versionName=projects%2F454553151846%2Fsites%2Fepicure-server-1%2Fversions%2Fe5664e7e1b09b877
[debug] [2023-04-16T19:03:20.024Z] >>> [apiv2][body] POST https://firebasehosting.googleapis.com/v1beta1/projects/-/sites/epicure-server-1/channels/live/releases {}
[debug] [2023-04-16T19:03:21.354Z] <<< [apiv2][status] POST https://firebasehosting.googleapis.com/v1beta1/projects/-/sites/epicure-server-1/channels/live/releases 200
[debug] [2023-04-16T19:03:21.354Z] <<< [apiv2][body] POST https://firebasehosting.googleapis.com/v1beta1/projects/-/sites/epicure-server-1/channels/live/releases {"name":"projects/454553151846/sites/epicure-server-1/channels/live/releases/1681671800460000","version":{"name":"projects/454553151846/sites/epicure-server-1/versions/e5664e7e1b09b877","status":"FINALIZED","config":{},"labels":{"deployment-tool":"cli-firebase"},"createTime":"2023-04-16T19:03:16.299586Z","createUser":{"email":"mohamed.abuabied@gmail.com","imageUrl":"https://lh3.googleusercontent.com/a/AGNmyxZAI3YNGiBbSpLNpR_jusfhNBddDBUJ5b6eAfGy=mo"},"finalizeTime":"2023-04-16T19:03:19.725432Z","finalizeUser":{"email":"mohamed.abuabied@gmail.com","imageUrl":"https://lh3.googleusercontent.com/a/AGNmyxZAI3YNGiBbSpLNpR_jusfhNBddDBUJ5b6eAfGy=mo"}},"type":"DEPLOY","releaseTime":"2023-04-16T19:03:20.460Z","releaseUser":{"email":"mohamed.abuabied@gmail.com","imageUrl":"https://lh3.googleusercontent.com/a/AGNmyxZAI3YNGiBbSpLNpR_jusfhNBddDBUJ5b6eAfGy=mo"}}
[debug] [2023-04-16T19:03:21.354Z] [hosting] release: {"name":"projects/454553151846/sites/epicure-server-1/channels/live/releases/1681671800460000","version":{"name":"projects/454553151846/sites/epicure-server-1/versions/e5664e7e1b09b877","status":"FINALIZED","config":{},"labels":{"deployment-tool":"cli-firebase"},"createTime":"2023-04-16T19:03:16.299586Z","createUser":{"email":"mohamed.abuabied@gmail.com","imageUrl":"https://lh3.googleusercontent.com/a/AGNmyxZAI3YNGiBbSpLNpR_jusfhNBddDBUJ5b6eAfGy=mo"},"finalizeTime":"2023-04-16T19:03:19.725432Z","finalizeUser":{"email":"mohamed.abuabied@gmail.com","imageUrl":"https://lh3.googleusercontent.com/a/AGNmyxZAI3YNGiBbSpLNpR_jusfhNBddDBUJ5b6eAfGy=mo"}},"type":"DEPLOY","releaseTime":"2023-04-16T19:03:20.460Z","releaseUser":{"email":"mohamed.abuabied@gmail.com","imageUrl":"https://lh3.googleusercontent.com/a/AGNmyxZAI3YNGiBbSpLNpR_jusfhNBddDBUJ5b6eAfGy=mo"}}
[info] +  hosting[epicure-server-1]: release complete 
