[debug] [2023-05-03T14:27:32.942Z] ----------------------------------------------------------------------
[debug] [2023-05-03T14:27:32.944Z] Command:       C:\Program Files\nodejs\node.exe C:\Users\Mohamed Abuabied\AppData\Roaming\npm\node_modules\firebase-tools\lib\bin\firebase.js deploy --only functions
[debug] [2023-05-03T14:27:32.945Z] CLI Version:   11.29.1
[debug] [2023-05-03T14:27:32.945Z] Platform:      win32
[debug] [2023-05-03T14:27:32.945Z] Node Version:  v18.14.1
[debug] [2023-05-03T14:27:32.946Z] Time:          Wed May 03 2023 17:27:32 GMT+0300 (Israel Daylight Time)
[debug] [2023-05-03T14:27:32.946Z] ----------------------------------------------------------------------
[debug] 
[debug] [2023-05-03T14:27:33.009Z] > command requires scopes: ["email","openid","https://www.googleapis.com/auth/cloudplatformprojects.readonly","https://www.googleapis.com/auth/firebase","https://www.googleapis.com/auth/cloud-platform"]
[debug] [2023-05-03T14:27:33.009Z] > authorizing via signed-in user (mohamed.abuabied@gmail.com)
[debug] [2023-05-03T14:27:33.009Z] [iam] checking project epicure-serverside for permissions ["cloudfunctions.functions.create","cloudfunctions.functions.delete","cloudfunctions.functions.get","cloudfunctions.functions.list","cloudfunctions.functions.update","cloudfunctions.operations.get","firebase.projects.get"]
[debug] [2023-05-03T14:27:33.011Z] >>> [apiv2][query] POST https://cloudresourcemanager.googleapis.com/v1/projects/epicure-serverside:testIamPermissions [none]
[debug] [2023-05-03T14:27:33.011Z] >>> [apiv2][(partial)header] POST https://cloudresourcemanager.googleapis.com/v1/projects/epicure-serverside:testIamPermissions x-goog-quota-user=projects/epicure-serverside
[debug] [2023-05-03T14:27:33.011Z] >>> [apiv2][body] POST https://cloudresourcemanager.googleapis.com/v1/projects/epicure-serverside:testIamPermissions {"permissions":["cloudfunctions.functions.create","cloudfunctions.functions.delete","cloudfunctions.functions.get","cloudfunctions.functions.list","cloudfunctions.functions.update","cloudfunctions.operations.get","firebase.projects.get"]}
[debug] [2023-05-03T14:27:34.341Z] <<< [apiv2][status] POST https://cloudresourcemanager.googleapis.com/v1/projects/epicure-serverside:testIamPermissions 200
[debug] [2023-05-03T14:27:34.341Z] <<< [apiv2][body] POST https://cloudresourcemanager.googleapis.com/v1/projects/epicure-serverside:testIamPermissions {"permissions":["cloudfunctions.functions.create","cloudfunctions.functions.delete","cloudfunctions.functions.get","cloudfunctions.functions.list","cloudfunctions.functions.update","cloudfunctions.operations.get","firebase.projects.get"]}
[debug] [2023-05-03T14:27:34.342Z] >>> [apiv2][query] POST https://iam.googleapis.com/v1/projects/epicure-serverside/serviceAccounts/epicure-serverside@appspot.gserviceaccount.com:testIamPermissions [none]
[debug] [2023-05-03T14:27:34.342Z] >>> [apiv2][body] POST https://iam.googleapis.com/v1/projects/epicure-serverside/serviceAccounts/epicure-serverside@appspot.gserviceaccount.com:testIamPermissions {"permissions":["iam.serviceAccounts.actAs"]}
[debug] [2023-05-03T14:27:35.770Z] <<< [apiv2][status] POST https://iam.googleapis.com/v1/projects/epicure-serverside/serviceAccounts/epicure-serverside@appspot.gserviceaccount.com:testIamPermissions 200
[debug] [2023-05-03T14:27:35.770Z] <<< [apiv2][body] POST https://iam.googleapis.com/v1/projects/epicure-serverside/serviceAccounts/epicure-serverside@appspot.gserviceaccount.com:testIamPermissions {"permissions":["iam.serviceAccounts.actAs"]}
[info] 
[info] === Deploying to 'epicure-serverside'...
[info] 
[info] i  deploying functions 
[info] Running command: npm --prefix "$RESOURCE_DIR" run lint
[info] Running command: npm --prefix "$RESOURCE_DIR" run build
[info] +  functions: Finished running predeploy script. 
[debug] [2023-05-03T14:27:49.703Z] >>> [apiv2][query] GET https://firebase.googleapis.com/v1beta1/projects/epicure-serverside [none]
[debug] [2023-05-03T14:27:50.052Z] <<< [apiv2][status] GET https://firebase.googleapis.com/v1beta1/projects/epicure-serverside 200
[debug] [2023-05-03T14:27:50.053Z] <<< [apiv2][body] GET https://firebase.googleapis.com/v1beta1/projects/epicure-serverside {"projectId":"epicure-serverside","projectNumber":"104818404162","displayName":"epicure-serverside","name":"projects/epicure-serverside","resources":{"hostingSite":"epicure-serverside"},"state":"ACTIVE","etag":"1_1dc71d99-f05d-4893-8c38-af572292b416"}
[info] i  functions: preparing codebase default for deployment 
[info] i  functions: ensuring required API cloudfunctions.googleapis.com is enabled... 
[info] i  functions: ensuring required API cloudbuild.googleapis.com is enabled... 
[info] i  artifactregistry: ensuring required API artifactregistry.googleapis.com is enabled... 
[debug] [2023-05-03T14:27:50.056Z] >>> [apiv2][query] GET https://serviceusage.googleapis.com/v1/projects/epicure-serverside/services/cloudfunctions.googleapis.com [none]
[debug] [2023-05-03T14:27:50.056Z] >>> [apiv2][(partial)header] GET https://serviceusage.googleapis.com/v1/projects/epicure-serverside/services/cloudfunctions.googleapis.com x-goog-quota-user=projects/epicure-serverside
[debug] [2023-05-03T14:27:50.057Z] >>> [apiv2][query] GET https://serviceusage.googleapis.com/v1/projects/epicure-serverside/services/runtimeconfig.googleapis.com [none]
[debug] [2023-05-03T14:27:50.057Z] >>> [apiv2][(partial)header] GET https://serviceusage.googleapis.com/v1/projects/epicure-serverside/services/runtimeconfig.googleapis.com x-goog-quota-user=projects/epicure-serverside
[debug] [2023-05-03T14:27:50.058Z] >>> [apiv2][query] GET https://serviceusage.googleapis.com/v1/projects/epicure-serverside/services/cloudbuild.googleapis.com [none]
[debug] [2023-05-03T14:27:50.058Z] >>> [apiv2][(partial)header] GET https://serviceusage.googleapis.com/v1/projects/epicure-serverside/services/cloudbuild.googleapis.com x-goog-quota-user=projects/epicure-serverside
[debug] [2023-05-03T14:27:50.059Z] >>> [apiv2][query] GET https://serviceusage.googleapis.com/v1/projects/epicure-serverside/services/artifactregistry.googleapis.com [none]
[debug] [2023-05-03T14:27:50.059Z] >>> [apiv2][(partial)header] GET https://serviceusage.googleapis.com/v1/projects/epicure-serverside/services/artifactregistry.googleapis.com x-goog-quota-user=projects/epicure-serverside
[debug] [2023-05-03T14:27:51.319Z] <<< [apiv2][status] GET https://serviceusage.googleapis.com/v1/projects/epicure-serverside/services/cloudfunctions.googleapis.com 200
[debug] [2023-05-03T14:27:51.319Z] <<< [apiv2][body] GET https://serviceusage.googleapis.com/v1/projects/epicure-serverside/services/cloudfunctions.googleapis.com [omitted]
[info] +  functions: required API cloudfunctions.googleapis.com is enabled 
[debug] [2023-05-03T14:27:51.320Z] <<< [apiv2][status] GET https://serviceusage.googleapis.com/v1/projects/epicure-serverside/services/runtimeconfig.googleapis.com 200
[debug] [2023-05-03T14:27:51.320Z] <<< [apiv2][body] GET https://serviceusage.googleapis.com/v1/projects/epicure-serverside/services/runtimeconfig.googleapis.com [omitted]
[debug] [2023-05-03T14:27:51.321Z] <<< [apiv2][status] GET https://serviceusage.googleapis.com/v1/projects/epicure-serverside/services/cloudbuild.googleapis.com 200
[debug] [2023-05-03T14:27:51.321Z] <<< [apiv2][body] GET https://serviceusage.googleapis.com/v1/projects/epicure-serverside/services/cloudbuild.googleapis.com [omitted]
[info] +  functions: required API cloudbuild.googleapis.com is enabled 
[debug] [2023-05-03T14:27:51.333Z] <<< [apiv2][status] GET https://serviceusage.googleapis.com/v1/projects/epicure-serverside/services/artifactregistry.googleapis.com 200
[debug] [2023-05-03T14:27:51.334Z] <<< [apiv2][body] GET https://serviceusage.googleapis.com/v1/projects/epicure-serverside/services/artifactregistry.googleapis.com [omitted]
[info] +  artifactregistry: required API artifactregistry.googleapis.com is enabled 
[debug] [2023-05-03T14:27:51.334Z] >>> [apiv2][query] GET https://firebase.googleapis.com/v1beta1/projects/epicure-serverside/adminSdkConfig [none]
[debug] [2023-05-03T14:27:51.951Z] <<< [apiv2][status] GET https://firebase.googleapis.com/v1beta1/projects/epicure-serverside/adminSdkConfig 200
[debug] [2023-05-03T14:27:51.951Z] <<< [apiv2][body] GET https://firebase.googleapis.com/v1beta1/projects/epicure-serverside/adminSdkConfig {"projectId":"epicure-serverside","storageBucket":"epicure-serverside.appspot.com"}
[debug] [2023-05-03T14:27:51.952Z] >>> [apiv2][query] GET https://runtimeconfig.googleapis.com/v1beta1/projects/epicure-serverside/configs [none]
[debug] [2023-05-03T14:27:52.563Z] <<< [apiv2][status] GET https://runtimeconfig.googleapis.com/v1beta1/projects/epicure-serverside/configs 200
[debug] [2023-05-03T14:27:52.563Z] <<< [apiv2][body] GET https://runtimeconfig.googleapis.com/v1beta1/projects/epicure-serverside/configs {}
[debug] [2023-05-03T14:27:52.564Z] Validating nodejs source
[debug] [2023-05-03T14:27:54.258Z] > [functions] package.json contents: {
  "name": "functions",
  "scripts": {
    "lint": "eslint --ext .js,.ts .",
    "build": "tsc",
    "build:watch": "tsc --watch",
    "serve": "npm run build && firebase emulators:start --only functions",
    "shell": "npm run build && firebase functions:shell",
    "start": "npm run shell",
    "deploy": "firebase deploy --only functions",
    "logs": "firebase functions:log"
  },
  "engines": {
    "node": "16"
  },
  "main": "lib/index.js",
  "dependencies": {
    "firebase-admin": "^11.5.0",
    "firebase-functions": "^4.2.0",
    "mongoose": "^7.1.0"
  },
  "devDependencies": {
    "@typescript-eslint/eslint-plugin": "^5.12.0",
    "@typescript-eslint/parser": "^5.12.0",
    "eslint": "^8.9.0",
    "eslint-config-google": "^0.14.0",
    "eslint-plugin-import": "^2.25.4",
    "firebase-functions-test": "^3.0.0",
    "typescript": "^4.9.0"
  },
  "private": true
}
[debug] [2023-05-03T14:27:54.258Z] Building nodejs source
[debug] [2023-05-03T14:27:54.259Z] Could not find functions.yaml. Must use http discovery
[debug] [2023-05-03T14:27:54.267Z] Found firebase-functions binary at 'C:\Users\Mohamed Abuabied\Documents\GitHub\Epicure_Backend\functions\node_modules\.bin\firebase-functions'
[debug] [2023-05-03T14:27:54.479Z] Serving at port 8648

[debug] [2023-05-03T14:27:55.222Z] Got response from /__/functions.yaml {"endpoints":{"api":{"platform":"gcfv1","availableMemoryMb":null,"timeoutSeconds":null,"minInstances":null,"maxInstances":null,"ingressSettings":null,"serviceAccountEmail":null,"vpc":null,"httpsTrigger":{},"entryPoint":"api"}},"specVersion":"v1alpha1","requiredAPIs":[]}
[debug] [2023-05-03T14:27:55.232Z] shutdown requested via /__/quitquitquit

[info] i  functions: preparing functions directory for uploading... 
[info] i  functions: packaged C:\Users\Mohamed Abuabied\Documents\GitHub\Epicure_Backend\functions (124.19 KB) for uploading 
[debug] [2023-05-03T14:28:05.403Z] >>> [apiv2][query] GET https://cloudfunctions.googleapis.com/v1/projects/epicure-serverside/locations/-/functions [none]
[debug] [2023-05-03T14:28:06.489Z] <<< [apiv2][status] GET https://cloudfunctions.googleapis.com/v1/projects/epicure-serverside/locations/-/functions 200
[debug] [2023-05-03T14:28:06.489Z] <<< [apiv2][body] GET https://cloudfunctions.googleapis.com/v1/projects/epicure-serverside/locations/-/functions {"functions":[{"name":"projects/epicure-serverside/locations/us-central1/functions/api","httpsTrigger":{"url":"https://us-central1-epicure-serverside.cloudfunctions.net/api","securityLevel":"SECURE_ALWAYS"},"status":"OFFLINE","entryPoint":"api","timeout":"60s","availableMemoryMb":256,"serviceAccountEmail":"epicure-serverside@appspot.gserviceaccount.com","updateTime":"2023-05-03T14:09:17.721Z","versionId":"1","labels":{"deployment-tool":"cli-firebase","firebase-functions-hash":"786f3b4334f4c51c1d194c01a9e66af3eee62282"},"sourceUploadUrl":"https://storage.googleapis.com/uploads-1071322226112.us-central1.cloudfunctions.appspot.com/2a907c8a-01e0-4810-b1b0-0270b626b98a.zip","environmentVariables":{"FIREBASE_CONFIG":"{\"projectId\":\"epicure-serverside\",\"storageBucket\":\"epicure-serverside.appspot.com\"}","GCLOUD_PROJECT":"epicure-serverside","EVENTARC_CLOUD_EVENT_SOURCE":"projects/epicure-serverside/locations/us-central1/functions/api"},"runtime":"nodejs16","ingressSettings":"ALLOW_ALL","buildId":"e3fe5c8a-a77c-4136-bbbd-89d79021e718","buildEnvironmentVariables":{"GOOGLE_NODE_RUN_SCRIPTS":""},"buildName":"projects/104818404162/locations/us-central1/builds/e3fe5c8a-a77c-4136-bbbd-89d79021e718","dockerRegistry":"ARTIFACT_REGISTRY"}]}
[debug] [2023-05-03T14:28:06.490Z] >>> [apiv2][query] GET https://cloudfunctions.googleapis.com/v2/projects/epicure-serverside/locations/-/functions filter=environment%3D%22GEN_2%22
[debug] [2023-05-03T14:28:07.930Z] <<< [apiv2][status] GET https://cloudfunctions.googleapis.com/v2/projects/epicure-serverside/locations/-/functions 200
[debug] [2023-05-03T14:28:07.930Z] <<< [apiv2][body] GET https://cloudfunctions.googleapis.com/v2/projects/epicure-serverside/locations/-/functions {}
[debug] [2023-05-03T14:28:07.937Z] >>> [apiv2][query] GET https://firebase.googleapis.com/v1beta1/projects/epicure-serverside [none]
[debug] [2023-05-03T14:28:08.537Z] <<< [apiv2][status] GET https://firebase.googleapis.com/v1beta1/projects/epicure-serverside 200
[debug] [2023-05-03T14:28:08.537Z] <<< [apiv2][body] GET https://firebase.googleapis.com/v1beta1/projects/epicure-serverside {"projectId":"epicure-serverside","projectNumber":"104818404162","displayName":"epicure-serverside","name":"projects/epicure-serverside","resources":{"hostingSite":"epicure-serverside"},"state":"ACTIVE","etag":"1_1dc71d99-f05d-4893-8c38-af572292b416"}
[debug] [2023-05-03T14:28:08.538Z] >>> [apiv2][query] POST https://cloudfunctions.googleapis.com/v1/projects/epicure-serverside/locations/us-central1/functions:generateUploadUrl [none]
[debug] [2023-05-03T14:28:08.538Z] >>> [apiv2][body] POST https://cloudfunctions.googleapis.com/v1/projects/epicure-serverside/locations/us-central1/functions:generateUploadUrl {}
[debug] [2023-05-03T14:28:09.511Z] <<< [apiv2][status] POST https://cloudfunctions.googleapis.com/v1/projects/epicure-serverside/locations/us-central1/functions:generateUploadUrl 200
[debug] [2023-05-03T14:28:09.511Z] <<< [apiv2][body] POST https://cloudfunctions.googleapis.com/v1/projects/epicure-serverside/locations/us-central1/functions:generateUploadUrl {"uploadUrl":"https://storage.googleapis.com/uploads-1071322226112.us-central1.cloudfunctions.appspot.com/7f8b2770-6505-4dd5-8bc6-06a1b7147e69.zip?GoogleAccessId=service-104818404162@gcf-admin-robot.iam.gserviceaccount.com&Expires=1683125889&Signature=IZhMeJxOVTRJX2%2Fogje8iuuAjfx38PjEoAVPoxL6A%2BfCWEkV1xBJl3%2BSuqdRyjjs%2FNjz%2FFiWPFTm6MlS86ZcGgp%2FM3jdxzmu7%2B7qmiLikguEcjV01oMmfJHqts6XwVwUtXGGvXQQp%2BkBWb%2BiVsVYoLytx6S4NZsSveafkR%2F7vW3FpFbt8X3g9WHdnmoc3DzS2rwcBKnVnEF%2BxagCQBzbT3DjtQoUympb6YQ2l558ggaqrfH404MDeOEfJdwn9mgSdTfXSAHCFinsZeTI2KQ1dOxDFdb0TyDAAqMZyE1mMM%2BEqI1LiBjTm9gB%2Fs60f2%2B39HVXDvf1IkWXZ6lrpwoc4w%3D%3D"}
[debug] [2023-05-03T14:28:09.511Z] >>> [apiv2][query] PUT https://storage.googleapis.com/uploads-1071322226112.us-central1.cloudfunctions.appspot.com/7f8b2770-6505-4dd5-8bc6-06a1b7147e69.zip GoogleAccessId=service-104818404162%40gcf-admin-robot.iam.gserviceaccount.com&Expires=1683125889&Signature=IZhMeJxOVTRJX2%2Fogje8iuuAjfx38PjEoAVPoxL6A%2BfCWEkV1xBJl3%2BSuqdRyjjs%2FNjz%2FFiWPFTm6MlS86ZcGgp%2FM3jdxzmu7%2B7qmiLikguEcjV01oMmfJHqts6XwVwUtXGGvXQQp%2BkBWb%2BiVsVYoLytx6S4NZsSveafkR%2F7vW3FpFbt8X3g9WHdnmoc3DzS2rwcBKnVnEF%2BxagCQBzbT3DjtQoUympb6YQ2l558ggaqrfH404MDeOEfJdwn9mgSdTfXSAHCFinsZeTI2KQ1dOxDFdb0TyDAAqMZyE1mMM%2BEqI1LiBjTm9gB%2Fs60f2%2B39HVXDvf1IkWXZ6lrpwoc4w%3D%3D
[debug] [2023-05-03T14:28:09.511Z] >>> [apiv2][body] PUT https://storage.googleapis.com/uploads-1071322226112.us-central1.cloudfunctions.appspot.com/7f8b2770-6505-4dd5-8bc6-06a1b7147e69.zip [stream]
[debug] [2023-05-03T14:28:09.945Z] <<< [apiv2][status] PUT https://storage.googleapis.com/uploads-1071322226112.us-central1.cloudfunctions.appspot.com/7f8b2770-6505-4dd5-8bc6-06a1b7147e69.zip 200
[debug] [2023-05-03T14:28:09.946Z] <<< [apiv2][body] PUT https://storage.googleapis.com/uploads-1071322226112.us-central1.cloudfunctions.appspot.com/7f8b2770-6505-4dd5-8bc6-06a1b7147e69.zip [omitted]
[info] +  functions: functions folder uploaded successfully 
[info] i  functions: updating Node.js 16 function api(us-central1)... 
[debug] [2023-05-03T14:28:09.950Z] >>> [apiv2][query] PATCH https://cloudfunctions.googleapis.com/v1/projects/epicure-serverside/locations/us-central1/functions/api updateMask=name%2CsourceUploadUrl%2CentryPoint%2Cruntime%2CdockerRegistry%2Clabels%2ChttpsTrigger.securityLevel%2CminInstances%2CmaxInstances%2CingressSettings%2CenvironmentVariables%2CserviceAccountEmail%2CavailableMemoryMb%2Ctimeout%2CvpcConnector%2CvpcConnectorEgressSettings%2CsourceToken%2CbuildEnvironmentVariables
[debug] [2023-05-03T14:28:09.950Z] >>> [apiv2][body] PATCH https://cloudfunctions.googleapis.com/v1/projects/epicure-serverside/locations/us-central1/functions/api {"name":"projects/epicure-serverside/locations/us-central1/functions/api","sourceUploadUrl":"https://storage.googleapis.com/uploads-1071322226112.us-central1.cloudfunctions.appspot.com/7f8b2770-6505-4dd5-8bc6-06a1b7147e69.zip?GoogleAccessId=service-104818404162@gcf-admin-robot.iam.gserviceaccount.com&Expires=1683125889&Signature=IZhMeJxOVTRJX2%2Fogje8iuuAjfx38PjEoAVPoxL6A%2BfCWEkV1xBJl3%2BSuqdRyjjs%2FNjz%2FFiWPFTm6MlS86ZcGgp%2FM3jdxzmu7%2B7qmiLikguEcjV01oMmfJHqts6XwVwUtXGGvXQQp%2BkBWb%2BiVsVYoLytx6S4NZsSveafkR%2F7vW3FpFbt8X3g9WHdnmoc3DzS2rwcBKnVnEF%2BxagCQBzbT3DjtQoUympb6YQ2l558ggaqrfH404MDeOEfJdwn9mgSdTfXSAHCFinsZeTI2KQ1dOxDFdb0TyDAAqMZyE1mMM%2BEqI1LiBjTm9gB%2Fs60f2%2B39HVXDvf1IkWXZ6lrpwoc4w%3D%3D","entryPoint":"api","runtime":"nodejs16","dockerRegistry":"ARTIFACT_REGISTRY","labels":{"deployment-tool":"cli-firebase","firebase-functions-hash":"62b2daaf322b153365d2e7386682026eeb749b57"},"httpsTrigger":{"securityLevel":"SECURE_ALWAYS"},"minInstances":null,"maxInstances":null,"ingressSettings":null,"environmentVariables":{"FIREBASE_CONFIG":"{\"projectId\":\"epicure-serverside\",\"storageBucket\":\"epicure-serverside.appspot.com\"}","GCLOUD_PROJECT":"epicure-serverside","EVENTARC_CLOUD_EVENT_SOURCE":"projects/epicure-serverside/locations/us-central1/functions/api"},"serviceAccountEmail":null,"availableMemoryMb":null,"timeout":null,"vpcConnector":null,"vpcConnectorEgressSettings":null,"buildEnvironmentVariables":{"GOOGLE_NODE_RUN_SCRIPTS":""}}
[debug] [2023-05-03T14:28:10.569Z] <<< [apiv2][status] PATCH https://cloudfunctions.googleapis.com/v1/projects/epicure-serverside/locations/us-central1/functions/api 200
[debug] [2023-05-03T14:28:10.569Z] <<< [apiv2][body] PATCH https://cloudfunctions.googleapis.com/v1/projects/epicure-serverside/locations/us-central1/functions/api {"name":"operations/ZXBpY3VyZS1zZXJ2ZXJzaWRlL3VzLWNlbnRyYWwxL2FwaS9VMTdnYVlvNWxGWQ","metadata":{"@type":"type.googleapis.com/google.cloud.functions.v1.OperationMetadataV1","target":"projects/epicure-serverside/locations/us-central1/functions/api","type":"UPDATE_FUNCTION","request":{"@type":"type.googleapis.com/google.cloud.functions.v1.CloudFunction","name":"projects/epicure-serverside/locations/us-central1/functions/api","httpsTrigger":{"url":"https://us-central1-epicure-serverside.cloudfunctions.net/api","securityLevel":"SECURE_ALWAYS"},"status":"OFFLINE","entryPoint":"api","updateTime":"2023-05-03T14:09:17.721Z","versionId":"1","labels":{"deployment-tool":"cli-firebase","firebase-functions-hash":"62b2daaf322b153365d2e7386682026eeb749b57"},"sourceUploadUrl":"https://storage.googleapis.com/uploads-1071322226112.us-central1.cloudfunctions.appspot.com/7f8b2770-6505-4dd5-8bc6-06a1b7147e69.zip?GoogleAccessId=service-104818404162@gcf-admin-robot.iam.gserviceaccount.com&Expires=1683125889&Signature=IZhMeJxOVTRJX2%2Fogje8iuuAjfx38PjEoAVPoxL6A%2BfCWEkV1xBJl3%2BSuqdRyjjs%2FNjz%2FFiWPFTm6MlS86ZcGgp%2FM3jdxzmu7%2B7qmiLikguEcjV01oMmfJHqts6XwVwUtXGGvXQQp%2BkBWb%2BiVsVYoLytx6S4NZsSveafkR%2F7vW3FpFbt8X3g9WHdnmoc3DzS2rwcBKnVnEF%2BxagCQBzbT3DjtQoUympb6YQ2l558ggaqrfH404MDeOEfJdwn9mgSdTfXSAHCFinsZeTI2KQ1dOxDFdb0TyDAAqMZyE1mMM%2BEqI1LiBjTm9gB%2Fs60f2%2B39HVXDvf1IkWXZ6lrpwoc4w%3D%3D","environmentVariables":{"FIREBASE_CONFIG":"{\"projectId\":\"epicure-serverside\",\"storageBucket\":\"epicure-serverside.appspot.com\"}","GCLOUD_PROJECT":"epicure-serverside","EVENTARC_CLOUD_EVENT_SOURCE":"projects/epicure-serverside/locations/us-central1/functions/api"},"runtime":"nodejs16","buildId":"e3fe5c8a-a77c-4136-bbbd-89d79021e718","buildEnvironmentVariables":{"GOOGLE_NODE_RUN_SCRIPTS":""},"buildName":"projects/104818404162/locations/us-central1/builds/e3fe5c8a-a77c-4136-bbbd-89d79021e718","dockerRegistry":"ARTIFACT_REGISTRY"},"versionId":"2","updateTime":"2023-05-03T14:28:10Z"}}
[debug] [2023-05-03T14:28:10.569Z] >>> [apiv2][query] GET https://cloudfunctions.googleapis.com/v1/operations/ZXBpY3VyZS1zZXJ2ZXJzaWRlL3VzLWNlbnRyYWwxL2FwaS9VMTdnYVlvNWxGWQ [none]
[debug] [2023-05-03T14:28:10.881Z] <<< [apiv2][status] GET https://cloudfunctions.googleapis.com/v1/operations/ZXBpY3VyZS1zZXJ2ZXJzaWRlL3VzLWNlbnRyYWwxL2FwaS9VMTdnYVlvNWxGWQ 200
[debug] [2023-05-03T14:28:10.882Z] <<< [apiv2][body] GET https://cloudfunctions.googleapis.com/v1/operations/ZXBpY3VyZS1zZXJ2ZXJzaWRlL3VzLWNlbnRyYWwxL2FwaS9VMTdnYVlvNWxGWQ {"name":"operations/ZXBpY3VyZS1zZXJ2ZXJzaWRlL3VzLWNlbnRyYWwxL2FwaS9VMTdnYVlvNWxGWQ","metadata":{"@type":"type.googleapis.com/google.cloud.functions.v1.OperationMetadataV1","target":"projects/epicure-serverside/locations/us-central1/functions/api","type":"UPDATE_FUNCTION","request":{"@type":"type.googleapis.com/google.cloud.functions.v1.CloudFunction","name":"projects/epicure-serverside/locations/us-central1/functions/api","httpsTrigger":{"url":"https://us-central1-epicure-serverside.cloudfunctions.net/api","securityLevel":"SECURE_ALWAYS"},"status":"OFFLINE","entryPoint":"api","updateTime":"2023-05-03T14:09:17.721Z","versionId":"1","labels":{"deployment-tool":"cli-firebase","firebase-functions-hash":"62b2daaf322b153365d2e7386682026eeb749b57"},"sourceUploadUrl":"https://storage.googleapis.com/uploads-1071322226112.us-central1.cloudfunctions.appspot.com/7f8b2770-6505-4dd5-8bc6-06a1b7147e69.zip?GoogleAccessId=service-104818404162@gcf-admin-robot.iam.gserviceaccount.com&Expires=1683125889&Signature=IZhMeJxOVTRJX2%2Fogje8iuuAjfx38PjEoAVPoxL6A%2BfCWEkV1xBJl3%2BSuqdRyjjs%2FNjz%2FFiWPFTm6MlS86ZcGgp%2FM3jdxzmu7%2B7qmiLikguEcjV01oMmfJHqts6XwVwUtXGGvXQQp%2BkBWb%2BiVsVYoLytx6S4NZsSveafkR%2F7vW3FpFbt8X3g9WHdnmoc3DzS2rwcBKnVnEF%2BxagCQBzbT3DjtQoUympb6YQ2l558ggaqrfH404MDeOEfJdwn9mgSdTfXSAHCFinsZeTI2KQ1dOxDFdb0TyDAAqMZyE1mMM%2BEqI1LiBjTm9gB%2Fs60f2%2B39HVXDvf1IkWXZ6lrpwoc4w%3D%3D","environmentVariables":{"FIREBASE_CONFIG":"{\"projectId\":\"epicure-serverside\",\"storageBucket\":\"epicure-serverside.appspot.com\"}","GCLOUD_PROJECT":"epicure-serverside","EVENTARC_CLOUD_EVENT_SOURCE":"projects/epicure-serverside/locations/us-central1/functions/api"},"runtime":"nodejs16","buildId":"e3fe5c8a-a77c-4136-bbbd-89d79021e718","buildEnvironmentVariables":{"GOOGLE_NODE_RUN_SCRIPTS":""},"buildName":"projects/104818404162/locations/us-central1/builds/e3fe5c8a-a77c-4136-bbbd-89d79021e718","dockerRegistry":"ARTIFACT_REGISTRY"},"versionId":"2","updateTime":"2023-05-03T14:28:10Z"}}
[debug] [2023-05-03T14:28:11.389Z] [update-default-us-central1-api] Retrying task index 0
[debug] [2023-05-03T14:28:11.390Z] >>> [apiv2][query] GET https://cloudfunctions.googleapis.com/v1/operations/ZXBpY3VyZS1zZXJ2ZXJzaWRlL3VzLWNlbnRyYWwxL2FwaS9VMTdnYVlvNWxGWQ [none]
[debug] [2023-05-03T14:28:11.685Z] <<< [apiv2][status] GET https://cloudfunctions.googleapis.com/v1/operations/ZXBpY3VyZS1zZXJ2ZXJzaWRlL3VzLWNlbnRyYWwxL2FwaS9VMTdnYVlvNWxGWQ 200
[debug] [2023-05-03T14:28:11.686Z] <<< [apiv2][body] GET https://cloudfunctions.googleapis.com/v1/operations/ZXBpY3VyZS1zZXJ2ZXJzaWRlL3VzLWNlbnRyYWwxL2FwaS9VMTdnYVlvNWxGWQ {"name":"operations/ZXBpY3VyZS1zZXJ2ZXJzaWRlL3VzLWNlbnRyYWwxL2FwaS9VMTdnYVlvNWxGWQ","metadata":{"@type":"type.googleapis.com/google.cloud.functions.v1.OperationMetadataV1","target":"projects/epicure-serverside/locations/us-central1/functions/api","type":"UPDATE_FUNCTION","request":{"@type":"type.googleapis.com/google.cloud.functions.v1.CloudFunction","name":"projects/epicure-serverside/locations/us-central1/functions/api","httpsTrigger":{"url":"https://us-central1-epicure-serverside.cloudfunctions.net/api","securityLevel":"SECURE_ALWAYS"},"status":"OFFLINE","entryPoint":"api","updateTime":"2023-05-03T14:09:17.721Z","versionId":"1","labels":{"deployment-tool":"cli-firebase","firebase-functions-hash":"62b2daaf322b153365d2e7386682026eeb749b57"},"sourceUploadUrl":"https://storage.googleapis.com/uploads-1071322226112.us-central1.cloudfunctions.appspot.com/7f8b2770-6505-4dd5-8bc6-06a1b7147e69.zip?GoogleAccessId=service-104818404162@gcf-admin-robot.iam.gserviceaccount.com&Expires=1683125889&Signature=IZhMeJxOVTRJX2%2Fogje8iuuAjfx38PjEoAVPoxL6A%2BfCWEkV1xBJl3%2BSuqdRyjjs%2FNjz%2FFiWPFTm6MlS86ZcGgp%2FM3jdxzmu7%2B7qmiLikguEcjV01oMmfJHqts6XwVwUtXGGvXQQp%2BkBWb%2BiVsVYoLytx6S4NZsSveafkR%2F7vW3FpFbt8X3g9WHdnmoc3DzS2rwcBKnVnEF%2BxagCQBzbT3DjtQoUympb6YQ2l558ggaqrfH404MDeOEfJdwn9mgSdTfXSAHCFinsZeTI2KQ1dOxDFdb0TyDAAqMZyE1mMM%2BEqI1LiBjTm9gB%2Fs60f2%2B39HVXDvf1IkWXZ6lrpwoc4w%3D%3D","environmentVariables":{"FIREBASE_CONFIG":"{\"projectId\":\"epicure-serverside\",\"storageBucket\":\"epicure-serverside.appspot.com\"}","GCLOUD_PROJECT":"epicure-serverside","EVENTARC_CLOUD_EVENT_SOURCE":"projects/epicure-serverside/locations/us-central1/functions/api"},"runtime":"nodejs16","buildId":"e3fe5c8a-a77c-4136-bbbd-89d79021e718","buildEnvironmentVariables":{"GOOGLE_NODE_RUN_SCRIPTS":""},"buildName":"projects/104818404162/locations/us-central1/builds/e3fe5c8a-a77c-4136-bbbd-89d79021e718","dockerRegistry":"ARTIFACT_REGISTRY"},"versionId":"2","updateTime":"2023-05-03T14:28:10Z","buildId":"045f52bf-5313-432d-aa2c-339a8aa5b95a","buildName":"projects/104818404162/locations/us-central1/builds/045f52bf-5313-432d-aa2c-339a8aa5b95a"}}
[debug] [2023-05-03T14:28:12.701Z] [update-default-us-central1-api] Retrying task index 0
[debug] [2023-05-03T14:28:12.701Z] >>> [apiv2][query] GET https://cloudfunctions.googleapis.com/v1/operations/ZXBpY3VyZS1zZXJ2ZXJzaWRlL3VzLWNlbnRyYWwxL2FwaS9VMTdnYVlvNWxGWQ [none]
[debug] [2023-05-03T14:28:12.994Z] <<< [apiv2][status] GET https://cloudfunctions.googleapis.com/v1/operations/ZXBpY3VyZS1zZXJ2ZXJzaWRlL3VzLWNlbnRyYWwxL2FwaS9VMTdnYVlvNWxGWQ 200
[debug] [2023-05-03T14:28:12.994Z] <<< [apiv2][body] GET https://cloudfunctions.googleapis.com/v1/operations/ZXBpY3VyZS1zZXJ2ZXJzaWRlL3VzLWNlbnRyYWwxL2FwaS9VMTdnYVlvNWxGWQ {"name":"operations/ZXBpY3VyZS1zZXJ2ZXJzaWRlL3VzLWNlbnRyYWwxL2FwaS9VMTdnYVlvNWxGWQ","metadata":{"@type":"type.googleapis.com/google.cloud.functions.v1.OperationMetadataV1","target":"projects/epicure-serverside/locations/us-central1/functions/api","type":"UPDATE_FUNCTION","request":{"@type":"type.googleapis.com/google.cloud.functions.v1.CloudFunction","name":"projects/epicure-serverside/locations/us-central1/functions/api","httpsTrigger":{"url":"https://us-central1-epicure-serverside.cloudfunctions.net/api","securityLevel":"SECURE_ALWAYS"},"status":"OFFLINE","entryPoint":"api","updateTime":"2023-05-03T14:09:17.721Z","versionId":"1","labels":{"deployment-tool":"cli-firebase","firebase-functions-hash":"62b2daaf322b153365d2e7386682026eeb749b57"},"sourceUploadUrl":"https://storage.googleapis.com/uploads-1071322226112.us-central1.cloudfunctions.appspot.com/7f8b2770-6505-4dd5-8bc6-06a1b7147e69.zip?GoogleAccessId=service-104818404162@gcf-admin-robot.iam.gserviceaccount.com&Expires=1683125889&Signature=IZhMeJxOVTRJX2%2Fogje8iuuAjfx38PjEoAVPoxL6A%2BfCWEkV1xBJl3%2BSuqdRyjjs%2FNjz%2FFiWPFTm6MlS86ZcGgp%2FM3jdxzmu7%2B7qmiLikguEcjV01oMmfJHqts6XwVwUtXGGvXQQp%2BkBWb%2BiVsVYoLytx6S4NZsSveafkR%2F7vW3FpFbt8X3g9WHdnmoc3DzS2rwcBKnVnEF%2BxagCQBzbT3DjtQoUympb6YQ2l558ggaqrfH404MDeOEfJdwn9mgSdTfXSAHCFinsZeTI2KQ1dOxDFdb0TyDAAqMZyE1mMM%2BEqI1LiBjTm9gB%2Fs60f2%2B39HVXDvf1IkWXZ6lrpwoc4w%3D%3D","environmentVariables":{"FIREBASE_CONFIG":"{\"projectId\":\"epicure-serverside\",\"storageBucket\":\"epicure-serverside.appspot.com\"}","GCLOUD_PROJECT":"epicure-serverside","EVENTARC_CLOUD_EVENT_SOURCE":"projects/epicure-serverside/locations/us-central1/functions/api"},"runtime":"nodejs16","buildId":"e3fe5c8a-a77c-4136-bbbd-89d79021e718","buildEnvironmentVariables":{"GOOGLE_NODE_RUN_SCRIPTS":""},"buildName":"projects/104818404162/locations/us-central1/builds/e3fe5c8a-a77c-4136-bbbd-89d79021e718","dockerRegistry":"ARTIFACT_REGISTRY"},"versionId":"2","updateTime":"2023-05-03T14:28:10Z","buildId":"045f52bf-5313-432d-aa2c-339a8aa5b95a","buildName":"projects/104818404162/locations/us-central1/builds/045f52bf-5313-432d-aa2c-339a8aa5b95a"}}
[debug] [2023-05-03T14:28:15.003Z] [update-default-us-central1-api] Retrying task index 0
[debug] [2023-05-03T14:28:15.003Z] >>> [apiv2][query] GET https://cloudfunctions.googleapis.com/v1/operations/ZXBpY3VyZS1zZXJ2ZXJzaWRlL3VzLWNlbnRyYWwxL2FwaS9VMTdnYVlvNWxGWQ [none]
[debug] [2023-05-03T14:28:15.308Z] <<< [apiv2][status] GET https://cloudfunctions.googleapis.com/v1/operations/ZXBpY3VyZS1zZXJ2ZXJzaWRlL3VzLWNlbnRyYWwxL2FwaS9VMTdnYVlvNWxGWQ 200
[debug] [2023-05-03T14:28:15.308Z] <<< [apiv2][body] GET https://cloudfunctions.googleapis.com/v1/operations/ZXBpY3VyZS1zZXJ2ZXJzaWRlL3VzLWNlbnRyYWwxL2FwaS9VMTdnYVlvNWxGWQ {"name":"operations/ZXBpY3VyZS1zZXJ2ZXJzaWRlL3VzLWNlbnRyYWwxL2FwaS9VMTdnYVlvNWxGWQ","metadata":{"@type":"type.googleapis.com/google.cloud.functions.v1.OperationMetadataV1","target":"projects/epicure-serverside/locations/us-central1/functions/api","type":"UPDATE_FUNCTION","request":{"@type":"type.googleapis.com/google.cloud.functions.v1.CloudFunction","name":"projects/epicure-serverside/locations/us-central1/functions/api","httpsTrigger":{"url":"https://us-central1-epicure-serverside.cloudfunctions.net/api","securityLevel":"SECURE_ALWAYS"},"status":"OFFLINE","entryPoint":"api","updateTime":"2023-05-03T14:09:17.721Z","versionId":"1","labels":{"deployment-tool":"cli-firebase","firebase-functions-hash":"62b2daaf322b153365d2e7386682026eeb749b57"},"sourceUploadUrl":"https://storage.googleapis.com/uploads-1071322226112.us-central1.cloudfunctions.appspot.com/7f8b2770-6505-4dd5-8bc6-06a1b7147e69.zip?GoogleAccessId=service-104818404162@gcf-admin-robot.iam.gserviceaccount.com&Expires=1683125889&Signature=IZhMeJxOVTRJX2%2Fogje8iuuAjfx38PjEoAVPoxL6A%2BfCWEkV1xBJl3%2BSuqdRyjjs%2FNjz%2FFiWPFTm6MlS86ZcGgp%2FM3jdxzmu7%2B7qmiLikguEcjV01oMmfJHqts6XwVwUtXGGvXQQp%2BkBWb%2BiVsVYoLytx6S4NZsSveafkR%2F7vW3FpFbt8X3g9WHdnmoc3DzS2rwcBKnVnEF%2BxagCQBzbT3DjtQoUympb6YQ2l558ggaqrfH404MDeOEfJdwn9mgSdTfXSAHCFinsZeTI2KQ1dOxDFdb0TyDAAqMZyE1mMM%2BEqI1LiBjTm9gB%2Fs60f2%2B39HVXDvf1IkWXZ6lrpwoc4w%3D%3D","environmentVariables":{"FIREBASE_CONFIG":"{\"projectId\":\"epicure-serverside\",\"storageBucket\":\"epicure-serverside.appspot.com\"}","GCLOUD_PROJECT":"epicure-serverside","EVENTARC_CLOUD_EVENT_SOURCE":"projects/epicure-serverside/locations/us-central1/functions/api"},"runtime":"nodejs16","buildId":"e3fe5c8a-a77c-4136-bbbd-89d79021e718","buildEnvironmentVariables":{"GOOGLE_NODE_RUN_SCRIPTS":""},"buildName":"projects/104818404162/locations/us-central1/builds/e3fe5c8a-a77c-4136-bbbd-89d79021e718","dockerRegistry":"ARTIFACT_REGISTRY"},"versionId":"2","updateTime":"2023-05-03T14:28:10Z","buildId":"045f52bf-5313-432d-aa2c-339a8aa5b95a","buildName":"projects/104818404162/locations/us-central1/builds/045f52bf-5313-432d-aa2c-339a8aa5b95a"}}
[debug] [2023-05-03T14:28:19.319Z] [update-default-us-central1-api] Retrying task index 0
[debug] [2023-05-03T14:28:19.319Z] >>> [apiv2][query] GET https://cloudfunctions.googleapis.com/v1/operations/ZXBpY3VyZS1zZXJ2ZXJzaWRlL3VzLWNlbnRyYWwxL2FwaS9VMTdnYVlvNWxGWQ [none]
[debug] [2023-05-03T14:28:19.801Z] <<< [apiv2][status] GET https://cloudfunctions.googleapis.com/v1/operations/ZXBpY3VyZS1zZXJ2ZXJzaWRlL3VzLWNlbnRyYWwxL2FwaS9VMTdnYVlvNWxGWQ 200
[debug] [2023-05-03T14:28:19.801Z] <<< [apiv2][body] GET https://cloudfunctions.googleapis.com/v1/operations/ZXBpY3VyZS1zZXJ2ZXJzaWRlL3VzLWNlbnRyYWwxL2FwaS9VMTdnYVlvNWxGWQ {"name":"operations/ZXBpY3VyZS1zZXJ2ZXJzaWRlL3VzLWNlbnRyYWwxL2FwaS9VMTdnYVlvNWxGWQ","metadata":{"@type":"type.googleapis.com/google.cloud.functions.v1.OperationMetadataV1","target":"projects/epicure-serverside/locations/us-central1/functions/api","type":"UPDATE_FUNCTION","request":{"@type":"type.googleapis.com/google.cloud.functions.v1.CloudFunction","name":"projects/epicure-serverside/locations/us-central1/functions/api","httpsTrigger":{"url":"https://us-central1-epicure-serverside.cloudfunctions.net/api","securityLevel":"SECURE_ALWAYS"},"status":"OFFLINE","entryPoint":"api","updateTime":"2023-05-03T14:09:17.721Z","versionId":"1","labels":{"deployment-tool":"cli-firebase","firebase-functions-hash":"62b2daaf322b153365d2e7386682026eeb749b57"},"sourceUploadUrl":"https://storage.googleapis.com/uploads-1071322226112.us-central1.cloudfunctions.appspot.com/7f8b2770-6505-4dd5-8bc6-06a1b7147e69.zip?GoogleAccessId=service-104818404162@gcf-admin-robot.iam.gserviceaccount.com&Expires=1683125889&Signature=IZhMeJxOVTRJX2%2Fogje8iuuAjfx38PjEoAVPoxL6A%2BfCWEkV1xBJl3%2BSuqdRyjjs%2FNjz%2FFiWPFTm6MlS86ZcGgp%2FM3jdxzmu7%2B7qmiLikguEcjV01oMmfJHqts6XwVwUtXGGvXQQp%2BkBWb%2BiVsVYoLytx6S4NZsSveafkR%2F7vW3FpFbt8X3g9WHdnmoc3DzS2rwcBKnVnEF%2BxagCQBzbT3DjtQoUympb6YQ2l558ggaqrfH404MDeOEfJdwn9mgSdTfXSAHCFinsZeTI2KQ1dOxDFdb0TyDAAqMZyE1mMM%2BEqI1LiBjTm9gB%2Fs60f2%2B39HVXDvf1IkWXZ6lrpwoc4w%3D%3D","environmentVariables":{"FIREBASE_CONFIG":"{\"projectId\":\"epicure-serverside\",\"storageBucket\":\"epicure-serverside.appspot.com\"}","GCLOUD_PROJECT":"epicure-serverside","EVENTARC_CLOUD_EVENT_SOURCE":"projects/epicure-serverside/locations/us-central1/functions/api"},"runtime":"nodejs16","buildId":"e3fe5c8a-a77c-4136-bbbd-89d79021e718","buildEnvironmentVariables":{"GOOGLE_NODE_RUN_SCRIPTS":""},"buildName":"projects/104818404162/locations/us-central1/builds/e3fe5c8a-a77c-4136-bbbd-89d79021e718","dockerRegistry":"ARTIFACT_REGISTRY"},"versionId":"2","updateTime":"2023-05-03T14:28:10Z","buildId":"045f52bf-5313-432d-aa2c-339a8aa5b95a","buildName":"projects/104818404162/locations/us-central1/builds/045f52bf-5313-432d-aa2c-339a8aa5b95a"}}
[debug] [2023-05-03T14:28:27.808Z] [update-default-us-central1-api] Retrying task index 0
[debug] [2023-05-03T14:28:27.808Z] >>> [apiv2][query] GET https://cloudfunctions.googleapis.com/v1/operations/ZXBpY3VyZS1zZXJ2ZXJzaWRlL3VzLWNlbnRyYWwxL2FwaS9VMTdnYVlvNWxGWQ [none]
[debug] [2023-05-03T14:28:28.199Z] <<< [apiv2][status] GET https://cloudfunctions.googleapis.com/v1/operations/ZXBpY3VyZS1zZXJ2ZXJzaWRlL3VzLWNlbnRyYWwxL2FwaS9VMTdnYVlvNWxGWQ 200
[debug] [2023-05-03T14:28:28.199Z] <<< [apiv2][body] GET https://cloudfunctions.googleapis.com/v1/operations/ZXBpY3VyZS1zZXJ2ZXJzaWRlL3VzLWNlbnRyYWwxL2FwaS9VMTdnYVlvNWxGWQ {"name":"operations/ZXBpY3VyZS1zZXJ2ZXJzaWRlL3VzLWNlbnRyYWwxL2FwaS9VMTdnYVlvNWxGWQ","metadata":{"@type":"type.googleapis.com/google.cloud.functions.v1.OperationMetadataV1","target":"projects/epicure-serverside/locations/us-central1/functions/api","type":"UPDATE_FUNCTION","request":{"@type":"type.googleapis.com/google.cloud.functions.v1.CloudFunction","name":"projects/epicure-serverside/locations/us-central1/functions/api","httpsTrigger":{"url":"https://us-central1-epicure-serverside.cloudfunctions.net/api","securityLevel":"SECURE_ALWAYS"},"status":"OFFLINE","entryPoint":"api","updateTime":"2023-05-03T14:09:17.721Z","versionId":"1","labels":{"deployment-tool":"cli-firebase","firebase-functions-hash":"62b2daaf322b153365d2e7386682026eeb749b57"},"sourceUploadUrl":"https://storage.googleapis.com/uploads-1071322226112.us-central1.cloudfunctions.appspot.com/7f8b2770-6505-4dd5-8bc6-06a1b7147e69.zip?GoogleAccessId=service-104818404162@gcf-admin-robot.iam.gserviceaccount.com&Expires=1683125889&Signature=IZhMeJxOVTRJX2%2Fogje8iuuAjfx38PjEoAVPoxL6A%2BfCWEkV1xBJl3%2BSuqdRyjjs%2FNjz%2FFiWPFTm6MlS86ZcGgp%2FM3jdxzmu7%2B7qmiLikguEcjV01oMmfJHqts6XwVwUtXGGvXQQp%2BkBWb%2BiVsVYoLytx6S4NZsSveafkR%2F7vW3FpFbt8X3g9WHdnmoc3DzS2rwcBKnVnEF%2BxagCQBzbT3DjtQoUympb6YQ2l558ggaqrfH404MDeOEfJdwn9mgSdTfXSAHCFinsZeTI2KQ1dOxDFdb0TyDAAqMZyE1mMM%2BEqI1LiBjTm9gB%2Fs60f2%2B39HVXDvf1IkWXZ6lrpwoc4w%3D%3D","environmentVariables":{"FIREBASE_CONFIG":"{\"projectId\":\"epicure-serverside\",\"storageBucket\":\"epicure-serverside.appspot.com\"}","GCLOUD_PROJECT":"epicure-serverside","EVENTARC_CLOUD_EVENT_SOURCE":"projects/epicure-serverside/locations/us-central1/functions/api"},"runtime":"nodejs16","buildId":"e3fe5c8a-a77c-4136-bbbd-89d79021e718","buildEnvironmentVariables":{"GOOGLE_NODE_RUN_SCRIPTS":""},"buildName":"projects/104818404162/locations/us-central1/builds/e3fe5c8a-a77c-4136-bbbd-89d79021e718","dockerRegistry":"ARTIFACT_REGISTRY"},"versionId":"2","updateTime":"2023-05-03T14:28:10Z","buildId":"045f52bf-5313-432d-aa2c-339a8aa5b95a","buildName":"projects/104818404162/locations/us-central1/builds/045f52bf-5313-432d-aa2c-339a8aa5b95a"}}
[debug] [2023-05-03T14:28:38.206Z] [update-default-us-central1-api] Retrying task index 0
[debug] [2023-05-03T14:28:38.206Z] >>> [apiv2][query] GET https://cloudfunctions.googleapis.com/v1/operations/ZXBpY3VyZS1zZXJ2ZXJzaWRlL3VzLWNlbnRyYWwxL2FwaS9VMTdnYVlvNWxGWQ [none]
[debug] [2023-05-03T14:28:38.848Z] <<< [apiv2][status] GET https://cloudfunctions.googleapis.com/v1/operations/ZXBpY3VyZS1zZXJ2ZXJzaWRlL3VzLWNlbnRyYWwxL2FwaS9VMTdnYVlvNWxGWQ 200
[debug] [2023-05-03T14:28:38.848Z] <<< [apiv2][body] GET https://cloudfunctions.googleapis.com/v1/operations/ZXBpY3VyZS1zZXJ2ZXJzaWRlL3VzLWNlbnRyYWwxL2FwaS9VMTdnYVlvNWxGWQ {"name":"operations/ZXBpY3VyZS1zZXJ2ZXJzaWRlL3VzLWNlbnRyYWwxL2FwaS9VMTdnYVlvNWxGWQ","metadata":{"@type":"type.googleapis.com/google.cloud.functions.v1.OperationMetadataV1","target":"projects/epicure-serverside/locations/us-central1/functions/api","type":"UPDATE_FUNCTION","request":{"@type":"type.googleapis.com/google.cloud.functions.v1.CloudFunction","name":"projects/epicure-serverside/locations/us-central1/functions/api","httpsTrigger":{"url":"https://us-central1-epicure-serverside.cloudfunctions.net/api","securityLevel":"SECURE_ALWAYS"},"status":"OFFLINE","entryPoint":"api","updateTime":"2023-05-03T14:09:17.721Z","versionId":"1","labels":{"deployment-tool":"cli-firebase","firebase-functions-hash":"62b2daaf322b153365d2e7386682026eeb749b57"},"sourceUploadUrl":"https://storage.googleapis.com/uploads-1071322226112.us-central1.cloudfunctions.appspot.com/7f8b2770-6505-4dd5-8bc6-06a1b7147e69.zip?GoogleAccessId=service-104818404162@gcf-admin-robot.iam.gserviceaccount.com&Expires=1683125889&Signature=IZhMeJxOVTRJX2%2Fogje8iuuAjfx38PjEoAVPoxL6A%2BfCWEkV1xBJl3%2BSuqdRyjjs%2FNjz%2FFiWPFTm6MlS86ZcGgp%2FM3jdxzmu7%2B7qmiLikguEcjV01oMmfJHqts6XwVwUtXGGvXQQp%2BkBWb%2BiVsVYoLytx6S4NZsSveafkR%2F7vW3FpFbt8X3g9WHdnmoc3DzS2rwcBKnVnEF%2BxagCQBzbT3DjtQoUympb6YQ2l558ggaqrfH404MDeOEfJdwn9mgSdTfXSAHCFinsZeTI2KQ1dOxDFdb0TyDAAqMZyE1mMM%2BEqI1LiBjTm9gB%2Fs60f2%2B39HVXDvf1IkWXZ6lrpwoc4w%3D%3D","environmentVariables":{"FIREBASE_CONFIG":"{\"projectId\":\"epicure-serverside\",\"storageBucket\":\"epicure-serverside.appspot.com\"}","GCLOUD_PROJECT":"epicure-serverside","EVENTARC_CLOUD_EVENT_SOURCE":"projects/epicure-serverside/locations/us-central1/functions/api"},"runtime":"nodejs16","buildId":"e3fe5c8a-a77c-4136-bbbd-89d79021e718","buildEnvironmentVariables":{"GOOGLE_NODE_RUN_SCRIPTS":""},"buildName":"projects/104818404162/locations/us-central1/builds/e3fe5c8a-a77c-4136-bbbd-89d79021e718","dockerRegistry":"ARTIFACT_REGISTRY"},"versionId":"2","updateTime":"2023-05-03T14:28:10Z","buildId":"045f52bf-5313-432d-aa2c-339a8aa5b95a","buildName":"projects/104818404162/locations/us-central1/builds/045f52bf-5313-432d-aa2c-339a8aa5b95a"}}
[debug] [2023-05-03T14:28:48.861Z] [update-default-us-central1-api] Retrying task index 0
[debug] [2023-05-03T14:28:48.862Z] >>> [apiv2][query] GET https://cloudfunctions.googleapis.com/v1/operations/ZXBpY3VyZS1zZXJ2ZXJzaWRlL3VzLWNlbnRyYWwxL2FwaS9VMTdnYVlvNWxGWQ [none]
[debug] [2023-05-03T14:28:51.545Z] <<< [apiv2][status] GET https://cloudfunctions.googleapis.com/v1/operations/ZXBpY3VyZS1zZXJ2ZXJzaWRlL3VzLWNlbnRyYWwxL2FwaS9VMTdnYVlvNWxGWQ 200
[debug] [2023-05-03T14:28:51.545Z] <<< [apiv2][body] GET https://cloudfunctions.googleapis.com/v1/operations/ZXBpY3VyZS1zZXJ2ZXJzaWRlL3VzLWNlbnRyYWwxL2FwaS9VMTdnYVlvNWxGWQ {"name":"operations/ZXBpY3VyZS1zZXJ2ZXJzaWRlL3VzLWNlbnRyYWwxL2FwaS9VMTdnYVlvNWxGWQ","metadata":{"@type":"type.googleapis.com/google.cloud.functions.v1.OperationMetadataV1","target":"projects/epicure-serverside/locations/us-central1/functions/api","type":"UPDATE_FUNCTION","request":{"@type":"type.googleapis.com/google.cloud.functions.v1.CloudFunction","name":"projects/epicure-serverside/locations/us-central1/functions/api","httpsTrigger":{"url":"https://us-central1-epicure-serverside.cloudfunctions.net/api","securityLevel":"SECURE_ALWAYS"},"status":"OFFLINE","entryPoint":"api","updateTime":"2023-05-03T14:09:17.721Z","versionId":"1","labels":{"deployment-tool":"cli-firebase","firebase-functions-hash":"62b2daaf322b153365d2e7386682026eeb749b57"},"sourceUploadUrl":"https://storage.googleapis.com/uploads-1071322226112.us-central1.cloudfunctions.appspot.com/7f8b2770-6505-4dd5-8bc6-06a1b7147e69.zip?GoogleAccessId=service-104818404162@gcf-admin-robot.iam.gserviceaccount.com&Expires=1683125889&Signature=IZhMeJxOVTRJX2%2Fogje8iuuAjfx38PjEoAVPoxL6A%2BfCWEkV1xBJl3%2BSuqdRyjjs%2FNjz%2FFiWPFTm6MlS86ZcGgp%2FM3jdxzmu7%2B7qmiLikguEcjV01oMmfJHqts6XwVwUtXGGvXQQp%2BkBWb%2BiVsVYoLytx6S4NZsSveafkR%2F7vW3FpFbt8X3g9WHdnmoc3DzS2rwcBKnVnEF%2BxagCQBzbT3DjtQoUympb6YQ2l558ggaqrfH404MDeOEfJdwn9mgSdTfXSAHCFinsZeTI2KQ1dOxDFdb0TyDAAqMZyE1mMM%2BEqI1LiBjTm9gB%2Fs60f2%2B39HVXDvf1IkWXZ6lrpwoc4w%3D%3D","environmentVariables":{"FIREBASE_CONFIG":"{\"projectId\":\"epicure-serverside\",\"storageBucket\":\"epicure-serverside.appspot.com\"}","GCLOUD_PROJECT":"epicure-serverside","EVENTARC_CLOUD_EVENT_SOURCE":"projects/epicure-serverside/locations/us-central1/functions/api"},"runtime":"nodejs16","buildId":"e3fe5c8a-a77c-4136-bbbd-89d79021e718","buildEnvironmentVariables":{"GOOGLE_NODE_RUN_SCRIPTS":""},"buildName":"projects/104818404162/locations/us-central1/builds/e3fe5c8a-a77c-4136-bbbd-89d79021e718","dockerRegistry":"ARTIFACT_REGISTRY"},"versionId":"2","updateTime":"2023-05-03T14:28:10Z","buildId":"045f52bf-5313-432d-aa2c-339a8aa5b95a","buildName":"projects/104818404162/locations/us-central1/builds/045f52bf-5313-432d-aa2c-339a8aa5b95a"}}
[debug] [2023-05-03T14:29:01.552Z] [update-default-us-central1-api] Retrying task index 0
[debug] [2023-05-03T14:29:01.552Z] >>> [apiv2][query] GET https://cloudfunctions.googleapis.com/v1/operations/ZXBpY3VyZS1zZXJ2ZXJzaWRlL3VzLWNlbnRyYWwxL2FwaS9VMTdnYVlvNWxGWQ [none]
[debug] [2023-05-03T14:29:01.994Z] <<< [apiv2][status] GET https://cloudfunctions.googleapis.com/v1/operations/ZXBpY3VyZS1zZXJ2ZXJzaWRlL3VzLWNlbnRyYWwxL2FwaS9VMTdnYVlvNWxGWQ 200
[debug] [2023-05-03T14:29:01.994Z] <<< [apiv2][body] GET https://cloudfunctions.googleapis.com/v1/operations/ZXBpY3VyZS1zZXJ2ZXJzaWRlL3VzLWNlbnRyYWwxL2FwaS9VMTdnYVlvNWxGWQ {"name":"operations/ZXBpY3VyZS1zZXJ2ZXJzaWRlL3VzLWNlbnRyYWwxL2FwaS9VMTdnYVlvNWxGWQ","metadata":{"@type":"type.googleapis.com/google.cloud.functions.v1.OperationMetadataV1","target":"projects/epicure-serverside/locations/us-central1/functions/api","type":"UPDATE_FUNCTION","request":{"@type":"type.googleapis.com/google.cloud.functions.v1.CloudFunction","name":"projects/epicure-serverside/locations/us-central1/functions/api","httpsTrigger":{"url":"https://us-central1-epicure-serverside.cloudfunctions.net/api","securityLevel":"SECURE_ALWAYS"},"status":"OFFLINE","entryPoint":"api","updateTime":"2023-05-03T14:09:17.721Z","versionId":"1","labels":{"deployment-tool":"cli-firebase","firebase-functions-hash":"62b2daaf322b153365d2e7386682026eeb749b57"},"sourceUploadUrl":"https://storage.googleapis.com/uploads-1071322226112.us-central1.cloudfunctions.appspot.com/7f8b2770-6505-4dd5-8bc6-06a1b7147e69.zip?GoogleAccessId=service-104818404162@gcf-admin-robot.iam.gserviceaccount.com&Expires=1683125889&Signature=IZhMeJxOVTRJX2%2Fogje8iuuAjfx38PjEoAVPoxL6A%2BfCWEkV1xBJl3%2BSuqdRyjjs%2FNjz%2FFiWPFTm6MlS86ZcGgp%2FM3jdxzmu7%2B7qmiLikguEcjV01oMmfJHqts6XwVwUtXGGvXQQp%2BkBWb%2BiVsVYoLytx6S4NZsSveafkR%2F7vW3FpFbt8X3g9WHdnmoc3DzS2rwcBKnVnEF%2BxagCQBzbT3DjtQoUympb6YQ2l558ggaqrfH404MDeOEfJdwn9mgSdTfXSAHCFinsZeTI2KQ1dOxDFdb0TyDAAqMZyE1mMM%2BEqI1LiBjTm9gB%2Fs60f2%2B39HVXDvf1IkWXZ6lrpwoc4w%3D%3D","environmentVariables":{"FIREBASE_CONFIG":"{\"projectId\":\"epicure-serverside\",\"storageBucket\":\"epicure-serverside.appspot.com\"}","GCLOUD_PROJECT":"epicure-serverside","EVENTARC_CLOUD_EVENT_SOURCE":"projects/epicure-serverside/locations/us-central1/functions/api"},"runtime":"nodejs16","buildId":"e3fe5c8a-a77c-4136-bbbd-89d79021e718","buildEnvironmentVariables":{"GOOGLE_NODE_RUN_SCRIPTS":""},"buildName":"projects/104818404162/locations/us-central1/builds/e3fe5c8a-a77c-4136-bbbd-89d79021e718","dockerRegistry":"ARTIFACT_REGISTRY"},"versionId":"2","updateTime":"2023-05-03T14:28:10Z","buildId":"045f52bf-5313-432d-aa2c-339a8aa5b95a","buildName":"projects/104818404162/locations/us-central1/builds/045f52bf-5313-432d-aa2c-339a8aa5b95a"}}
[debug] [2023-05-03T14:29:12.008Z] [update-default-us-central1-api] Retrying task index 0
[debug] [2023-05-03T14:29:12.008Z] >>> [apiv2][query] GET https://cloudfunctions.googleapis.com/v1/operations/ZXBpY3VyZS1zZXJ2ZXJzaWRlL3VzLWNlbnRyYWwxL2FwaS9VMTdnYVlvNWxGWQ [none]
[debug] [2023-05-03T14:29:12.450Z] <<< [apiv2][status] GET https://cloudfunctions.googleapis.com/v1/operations/ZXBpY3VyZS1zZXJ2ZXJzaWRlL3VzLWNlbnRyYWwxL2FwaS9VMTdnYVlvNWxGWQ 200
[debug] [2023-05-03T14:29:12.450Z] <<< [apiv2][body] GET https://cloudfunctions.googleapis.com/v1/operations/ZXBpY3VyZS1zZXJ2ZXJzaWRlL3VzLWNlbnRyYWwxL2FwaS9VMTdnYVlvNWxGWQ {"name":"operations/ZXBpY3VyZS1zZXJ2ZXJzaWRlL3VzLWNlbnRyYWwxL2FwaS9VMTdnYVlvNWxGWQ","metadata":{"@type":"type.googleapis.com/google.cloud.functions.v1.OperationMetadataV1","target":"projects/epicure-serverside/locations/us-central1/functions/api","type":"UPDATE_FUNCTION","request":{"@type":"type.googleapis.com/google.cloud.functions.v1.CloudFunction","name":"projects/epicure-serverside/locations/us-central1/functions/api","httpsTrigger":{"url":"https://us-central1-epicure-serverside.cloudfunctions.net/api","securityLevel":"SECURE_ALWAYS"},"status":"OFFLINE","entryPoint":"api","updateTime":"2023-05-03T14:09:17.721Z","versionId":"1","labels":{"deployment-tool":"cli-firebase","firebase-functions-hash":"62b2daaf322b153365d2e7386682026eeb749b57"},"sourceUploadUrl":"https://storage.googleapis.com/uploads-1071322226112.us-central1.cloudfunctions.appspot.com/7f8b2770-6505-4dd5-8bc6-06a1b7147e69.zip?GoogleAccessId=service-104818404162@gcf-admin-robot.iam.gserviceaccount.com&Expires=1683125889&Signature=IZhMeJxOVTRJX2%2Fogje8iuuAjfx38PjEoAVPoxL6A%2BfCWEkV1xBJl3%2BSuqdRyjjs%2FNjz%2FFiWPFTm6MlS86ZcGgp%2FM3jdxzmu7%2B7qmiLikguEcjV01oMmfJHqts6XwVwUtXGGvXQQp%2BkBWb%2BiVsVYoLytx6S4NZsSveafkR%2F7vW3FpFbt8X3g9WHdnmoc3DzS2rwcBKnVnEF%2BxagCQBzbT3DjtQoUympb6YQ2l558ggaqrfH404MDeOEfJdwn9mgSdTfXSAHCFinsZeTI2KQ1dOxDFdb0TyDAAqMZyE1mMM%2BEqI1LiBjTm9gB%2Fs60f2%2B39HVXDvf1IkWXZ6lrpwoc4w%3D%3D","environmentVariables":{"FIREBASE_CONFIG":"{\"projectId\":\"epicure-serverside\",\"storageBucket\":\"epicure-serverside.appspot.com\"}","GCLOUD_PROJECT":"epicure-serverside","EVENTARC_CLOUD_EVENT_SOURCE":"projects/epicure-serverside/locations/us-central1/functions/api"},"runtime":"nodejs16","buildId":"e3fe5c8a-a77c-4136-bbbd-89d79021e718","buildEnvironmentVariables":{"GOOGLE_NODE_RUN_SCRIPTS":""},"buildName":"projects/104818404162/locations/us-central1/builds/e3fe5c8a-a77c-4136-bbbd-89d79021e718","dockerRegistry":"ARTIFACT_REGISTRY"},"versionId":"2","updateTime":"2023-05-03T14:28:10Z","buildId":"045f52bf-5313-432d-aa2c-339a8aa5b95a","buildName":"projects/104818404162/locations/us-central1/builds/045f52bf-5313-432d-aa2c-339a8aa5b95a"}}
[debug] [2023-05-03T14:29:22.456Z] [update-default-us-central1-api] Retrying task index 0
[debug] [2023-05-03T14:29:22.457Z] >>> [apiv2][query] GET https://cloudfunctions.googleapis.com/v1/operations/ZXBpY3VyZS1zZXJ2ZXJzaWRlL3VzLWNlbnRyYWwxL2FwaS9VMTdnYVlvNWxGWQ [none]
[debug] [2023-05-03T14:29:22.908Z] <<< [apiv2][status] GET https://cloudfunctions.googleapis.com/v1/operations/ZXBpY3VyZS1zZXJ2ZXJzaWRlL3VzLWNlbnRyYWwxL2FwaS9VMTdnYVlvNWxGWQ 200
[debug] [2023-05-03T14:29:22.908Z] <<< [apiv2][body] GET https://cloudfunctions.googleapis.com/v1/operations/ZXBpY3VyZS1zZXJ2ZXJzaWRlL3VzLWNlbnRyYWwxL2FwaS9VMTdnYVlvNWxGWQ {"name":"operations/ZXBpY3VyZS1zZXJ2ZXJzaWRlL3VzLWNlbnRyYWwxL2FwaS9VMTdnYVlvNWxGWQ","metadata":{"@type":"type.googleapis.com/google.cloud.functions.v1.OperationMetadataV1","target":"projects/epicure-serverside/locations/us-central1/functions/api","type":"UPDATE_FUNCTION","request":{"@type":"type.googleapis.com/google.cloud.functions.v1.CloudFunction","name":"projects/epicure-serverside/locations/us-central1/functions/api","httpsTrigger":{"url":"https://us-central1-epicure-serverside.cloudfunctions.net/api","securityLevel":"SECURE_ALWAYS"},"status":"OFFLINE","entryPoint":"api","updateTime":"2023-05-03T14:09:17.721Z","versionId":"1","labels":{"deployment-tool":"cli-firebase","firebase-functions-hash":"62b2daaf322b153365d2e7386682026eeb749b57"},"sourceUploadUrl":"https://storage.googleapis.com/uploads-1071322226112.us-central1.cloudfunctions.appspot.com/7f8b2770-6505-4dd5-8bc6-06a1b7147e69.zip?GoogleAccessId=service-104818404162@gcf-admin-robot.iam.gserviceaccount.com&Expires=1683125889&Signature=IZhMeJxOVTRJX2%2Fogje8iuuAjfx38PjEoAVPoxL6A%2BfCWEkV1xBJl3%2BSuqdRyjjs%2FNjz%2FFiWPFTm6MlS86ZcGgp%2FM3jdxzmu7%2B7qmiLikguEcjV01oMmfJHqts6XwVwUtXGGvXQQp%2BkBWb%2BiVsVYoLytx6S4NZsSveafkR%2F7vW3FpFbt8X3g9WHdnmoc3DzS2rwcBKnVnEF%2BxagCQBzbT3DjtQoUympb6YQ2l558ggaqrfH404MDeOEfJdwn9mgSdTfXSAHCFinsZeTI2KQ1dOxDFdb0TyDAAqMZyE1mMM%2BEqI1LiBjTm9gB%2Fs60f2%2B39HVXDvf1IkWXZ6lrpwoc4w%3D%3D","environmentVariables":{"FIREBASE_CONFIG":"{\"projectId\":\"epicure-serverside\",\"storageBucket\":\"epicure-serverside.appspot.com\"}","GCLOUD_PROJECT":"epicure-serverside","EVENTARC_CLOUD_EVENT_SOURCE":"projects/epicure-serverside/locations/us-central1/functions/api"},"runtime":"nodejs16","buildId":"e3fe5c8a-a77c-4136-bbbd-89d79021e718","buildEnvironmentVariables":{"GOOGLE_NODE_RUN_SCRIPTS":""},"buildName":"projects/104818404162/locations/us-central1/builds/e3fe5c8a-a77c-4136-bbbd-89d79021e718","dockerRegistry":"ARTIFACT_REGISTRY"},"versionId":"2","updateTime":"2023-05-03T14:28:10Z","buildId":"045f52bf-5313-432d-aa2c-339a8aa5b95a","sourceToken":"89919730-3c64-40eb-975b-6771bea645f7","buildName":"projects/104818404162/locations/us-central1/builds/045f52bf-5313-432d-aa2c-339a8aa5b95a"}}
[debug] [2023-05-03T14:29:22.908Z] Got source token 89919730-3c64-40eb-975b-6771bea645f7 for region us-central1
[debug] [2023-05-03T14:29:32.919Z] [update-default-us-central1-api] Retrying task index 0
[debug] [2023-05-03T14:29:32.919Z] >>> [apiv2][query] GET https://cloudfunctions.googleapis.com/v1/operations/ZXBpY3VyZS1zZXJ2ZXJzaWRlL3VzLWNlbnRyYWwxL2FwaS9VMTdnYVlvNWxGWQ [none]
[debug] [2023-05-03T14:29:33.383Z] <<< [apiv2][status] GET https://cloudfunctions.googleapis.com/v1/operations/ZXBpY3VyZS1zZXJ2ZXJzaWRlL3VzLWNlbnRyYWwxL2FwaS9VMTdnYVlvNWxGWQ 200
[debug] [2023-05-03T14:29:33.383Z] <<< [apiv2][body] GET https://cloudfunctions.googleapis.com/v1/operations/ZXBpY3VyZS1zZXJ2ZXJzaWRlL3VzLWNlbnRyYWwxL2FwaS9VMTdnYVlvNWxGWQ {"name":"operations/ZXBpY3VyZS1zZXJ2ZXJzaWRlL3VzLWNlbnRyYWwxL2FwaS9VMTdnYVlvNWxGWQ","metadata":{"@type":"type.googleapis.com/google.cloud.functions.v1.OperationMetadataV1","target":"projects/epicure-serverside/locations/us-central1/functions/api","type":"UPDATE_FUNCTION","request":{"@type":"type.googleapis.com/google.cloud.functions.v1.CloudFunction","name":"projects/epicure-serverside/locations/us-central1/functions/api","httpsTrigger":{"url":"https://us-central1-epicure-serverside.cloudfunctions.net/api","securityLevel":"SECURE_ALWAYS"},"status":"OFFLINE","entryPoint":"api","updateTime":"2023-05-03T14:09:17.721Z","versionId":"1","labels":{"deployment-tool":"cli-firebase","firebase-functions-hash":"62b2daaf322b153365d2e7386682026eeb749b57"},"sourceUploadUrl":"https://storage.googleapis.com/uploads-1071322226112.us-central1.cloudfunctions.appspot.com/7f8b2770-6505-4dd5-8bc6-06a1b7147e69.zip?GoogleAccessId=service-104818404162@gcf-admin-robot.iam.gserviceaccount.com&Expires=1683125889&Signature=IZhMeJxOVTRJX2%2Fogje8iuuAjfx38PjEoAVPoxL6A%2BfCWEkV1xBJl3%2BSuqdRyjjs%2FNjz%2FFiWPFTm6MlS86ZcGgp%2FM3jdxzmu7%2B7qmiLikguEcjV01oMmfJHqts6XwVwUtXGGvXQQp%2BkBWb%2BiVsVYoLytx6S4NZsSveafkR%2F7vW3FpFbt8X3g9WHdnmoc3DzS2rwcBKnVnEF%2BxagCQBzbT3DjtQoUympb6YQ2l558ggaqrfH404MDeOEfJdwn9mgSdTfXSAHCFinsZeTI2KQ1dOxDFdb0TyDAAqMZyE1mMM%2BEqI1LiBjTm9gB%2Fs60f2%2B39HVXDvf1IkWXZ6lrpwoc4w%3D%3D","environmentVariables":{"FIREBASE_CONFIG":"{\"projectId\":\"epicure-serverside\",\"storageBucket\":\"epicure-serverside.appspot.com\"}","GCLOUD_PROJECT":"epicure-serverside","EVENTARC_CLOUD_EVENT_SOURCE":"projects/epicure-serverside/locations/us-central1/functions/api"},"runtime":"nodejs16","buildId":"e3fe5c8a-a77c-4136-bbbd-89d79021e718","buildEnvironmentVariables":{"GOOGLE_NODE_RUN_SCRIPTS":""},"buildName":"projects/104818404162/locations/us-central1/builds/e3fe5c8a-a77c-4136-bbbd-89d79021e718","dockerRegistry":"ARTIFACT_REGISTRY"},"versionId":"2","updateTime":"2023-05-03T14:29:24Z","buildId":"045f52bf-5313-432d-aa2c-339a8aa5b95a","sourceToken":"89919730-3c64-40eb-975b-6771bea645f7","buildName":"projects/104818404162/locations/us-central1/builds/045f52bf-5313-432d-aa2c-339a8aa5b95a"},"done":true,"error":{"code":3,"message":"Function failed on loading user code. This is likely due to a bug in the user code. Error message: Provided module can't be loaded.\nDid you list all required modules in the package.json dependencies?\nDetailed stack trace: Error: Cannot find module 'bcrypt'\nRequire stack:\n- /workspace/lib/services/users.services.js\n- /workspace/lib/controllers/AuthController.js\n- /workspace/lib/routes/auth.routes.js\n- /workspace/lib/routes/index.js\n- /workspace/lib/index.js\n- /layers/google.nodejs.functions-framework/functions-framework/node_modules/@google-cloud/functions-framework/build/src/loader.js\n- /layers/google.nodejs.functions-framework/functions-framework/node_modules/@google-cloud/functions-framework/build/src/main.js\n    at Function.Module._resolveFilename (node:internal/modules/cjs/loader:1026:15)\n    at Function.Module._load (node:internal/modules/cjs/loader:871:27)\n    at Module.require (node:internal/modules/cjs/loader:1098:19)\n    at require (node:internal/modules/cjs/helpers:108:18)\n    at Object.<anonymous> (/workspace/lib/services/users.services.js:10:34)\n    at Module._compile (node:internal/modules/cjs/loader:1196:14)\n    at Object.Module._extensions..js (node:internal/modules/cjs/loader:1250:10)\n    at Module.load (node:internal/modules/cjs/loader:1074:32)\n    at Function.Module._load (node:internal/modules/cjs/loader:909:12)\n    at Module.require (node:internal/modules/cjs/loader:1098:19)\nCould not load the function, shutting down.\n. Please visit https://cloud.google.com/functions/docs/troubleshooting for in-depth troubleshooting documentation."}}
[debug] [2023-05-03T14:29:33.383Z] Got source token 89919730-3c64-40eb-975b-6771bea645f7 for region us-central1
[error] Function failed on loading user code. This is likely due to a bug in the user code. Error message: Provided module can't be loaded.
Did you list all required modules in the package.json dependencies?
Detailed stack trace: Error: Cannot find module 'bcrypt'
Require stack:
- /workspace/lib/services/users.services.js
- /workspace/lib/controllers/AuthController.js
- /workspace/lib/routes/auth.routes.js
- /workspace/lib/routes/index.js
- /workspace/lib/index.js
- /layers/google.nodejs.functions-framework/functions-framework/node_modules/@google-cloud/functions-framework/build/src/loader.js
- /layers/google.nodejs.functions-framework/functions-framework/node_modules/@google-cloud/functions-framework/build/src/main.js
    at Function.Module._resolveFilename (node:internal/modules/cjs/loader:1026:15)
    at Function.Module._load (node:internal/modules/cjs/loader:871:27)
    at Module.require (node:internal/modules/cjs/loader:1098:19)
    at require (node:internal/modules/cjs/helpers:108:18)
    at Object.<anonymous> (/workspace/lib/services/users.services.js:10:34)
    at Module._compile (node:internal/modules/cjs/loader:1196:14)
    at Object.Module._extensions..js (node:internal/modules/cjs/loader:1250:10)
    at Module.load (node:internal/modules/cjs/loader:1074:32)
    at Function.Module._load (node:internal/modules/cjs/loader:909:12)
    at Module.require (node:internal/modules/cjs/loader:1098:19)
Could not load the function, shutting down.
. Please visit https://cloud.google.com/functions/docs/troubleshooting for in-depth troubleshooting documentation.
[debug] [2023-05-03T14:29:33.393Z] Total Function Deployment time: 83439
[debug] [2023-05-03T14:29:33.393Z] 1 Functions Deployed
[debug] [2023-05-03T14:29:33.393Z] 1 Functions Errored
[debug] [2023-05-03T14:29:33.393Z] 0 Function Deployments Aborted
[debug] [2023-05-03T14:29:33.393Z] Average Function Deployment time: 83438
[info] 
[info] Functions deploy had errors with the following functions:
	api(us-central1)
[debug] [2023-05-03T14:29:33.941Z] Not printing URL for HTTPS function. Typically this means it didn't match a filter or we failed deployment
[info] i  functions: cleaning up build files... 
[debug] [2023-05-03T14:29:33.943Z] >>> [apiv2][query] DELETE https://artifactregistry.googleapis.com/v1beta2/projects/epicure-serverside/locations/us-central1/repositories/gcf-artifacts/packages/api [none]
[debug] [2023-05-03T14:29:33.944Z] >>> [apiv2][query] GET https://us.gcr.io/v2/epicure-serverside/gcf/us-central1/tags/list [none]
[debug] [2023-05-03T14:29:34.553Z] <<< [apiv2][status] GET https://us.gcr.io/v2/epicure-serverside/gcf/us-central1/tags/list 200
[debug] [2023-05-03T14:29:34.553Z] <<< [apiv2][body] GET https://us.gcr.io/v2/epicure-serverside/gcf/us-central1/tags/list {"child":[],"manifest":{},"name":"epicure-serverside/gcf/us-central1","tags":[]}
[debug] [2023-05-03T14:29:34.553Z] Could not find image for function projects/epicure-serverside/locations/us-central1/functions/api
[debug] [2023-05-03T14:29:34.758Z] <<< [apiv2][status] DELETE https://artifactregistry.googleapis.com/v1beta2/projects/epicure-serverside/locations/us-central1/repositories/gcf-artifacts/packages/api 200
[debug] [2023-05-03T14:29:34.758Z] <<< [apiv2][body] DELETE https://artifactregistry.googleapis.com/v1beta2/projects/epicure-serverside/locations/us-central1/repositories/gcf-artifacts/packages/api {"name":"projects/epicure-serverside/locations/us-central1/operations/e2ecb0bc-47da-41ef-b755-f66a5020d8fe","metadata":{"@type":"type.googleapis.com/google.devtools.artifactregistry.v1beta2.OperationMetadata"}}
[debug] [2023-05-03T14:29:34.758Z] >>> [apiv2][query] GET https://artifactregistry.googleapis.com/v1beta2/projects/epicure-serverside/locations/us-central1/operations/e2ecb0bc-47da-41ef-b755-f66a5020d8fe [none]
[debug] [2023-05-03T14:29:35.894Z] <<< [apiv2][status] GET https://artifactregistry.googleapis.com/v1beta2/projects/epicure-serverside/locations/us-central1/operations/e2ecb0bc-47da-41ef-b755-f66a5020d8fe 200
[debug] [2023-05-03T14:29:35.894Z] <<< [apiv2][body] GET https://artifactregistry.googleapis.com/v1beta2/projects/epicure-serverside/locations/us-central1/operations/e2ecb0bc-47da-41ef-b755-f66a5020d8fe {"name":"projects/epicure-serverside/locations/us-central1/operations/e2ecb0bc-47da-41ef-b755-f66a5020d8fe","metadata":{"@type":"type.googleapis.com/google.devtools.artifactregistry.v1beta2.OperationMetadata"},"done":true,"response":{"@type":"type.googleapis.com/google.protobuf.Empty"}}
[debug] [2023-05-03T14:29:35.894Z] Functions deploy failed.
[debug] [2023-05-03T14:29:35.894Z] {
  "endpoint": {
    "id": "api",
    "project": "epicure-serverside",
    "region": "us-central1",
    "entryPoint": "api",
    "platform": "gcfv1",
    "runtime": "nodejs16",
    "httpsTrigger": {},
    "serviceAccount": null,
    "ingressSettings": null,
    "availableMemoryMb": null,
    "timeoutSeconds": null,
    "maxInstances": null,
    "minInstances": null,
    "vpc": null,
    "environmentVariables": {
      "FIREBASE_CONFIG": "{\"projectId\":\"epicure-serverside\",\"storageBucket\":\"epicure-serverside.appspot.com\"}",
      "GCLOUD_PROJECT": "epicure-serverside",
      "EVENTARC_CLOUD_EVENT_SOURCE": "projects/epicure-serverside/locations/us-central1/functions/api"
    },
    "codebase": "default",
    "securityLevel": "SECURE_ALWAYS",
    "targetedByOnly": false,
    "hash": "62b2daaf322b153365d2e7386682026eeb749b57",
    "labels": {
      "deployment-tool": "cli-firebase"
    }
  },
  "op": "update",
  "original": {
    "name": "FirebaseError",
    "children": [],
    "exit": 1,
    "message": "Function failed on loading user code. This is likely due to a bug in the user code. Error message: Provided module can't be loaded.\nDid you list all required modules in the package.json dependencies?\nDetailed stack trace: Error: Cannot find module 'bcrypt'\nRequire stack:\n- /workspace/lib/services/users.services.js\n- /workspace/lib/controllers/AuthController.js\n- /workspace/lib/routes/auth.routes.js\n- /workspace/lib/routes/index.js\n- /workspace/lib/index.js\n- /layers/google.nodejs.functions-framework/functions-framework/node_modules/@google-cloud/functions-framework/build/src/loader.js\n- /layers/google.nodejs.functions-framework/functions-framework/node_modules/@google-cloud/functions-framework/build/src/main.js\n    at Function.Module._resolveFilename (node:internal/modules/cjs/loader:1026:15)\n    at Function.Module._load (node:internal/modules/cjs/loader:871:27)\n    at Module.require (node:internal/modules/cjs/loader:1098:19)\n    at require (node:internal/modules/cjs/helpers:108:18)\n    at Object.<anonymous> (/workspace/lib/services/users.services.js:10:34)\n    at Module._compile (node:internal/modules/cjs/loader:1196:14)\n    at Object.Module._extensions..js (node:internal/modules/cjs/loader:1250:10)\n    at Module.load (node:internal/modules/cjs/loader:1074:32)\n    at Function.Module._load (node:internal/modules/cjs/loader:909:12)\n    at Module.require (node:internal/modules/cjs/loader:1098:19)\nCould not load the function, shutting down.\n. Please visit https://cloud.google.com/functions/docs/troubleshooting for in-depth troubleshooting documentation.",
    "status": 3
  }
}
[debug] [2023-05-03T14:29:36.055Z] Error: Failed to update function api in region us-central1
    at C:\Users\Mohamed Abuabied\AppData\Roaming\npm\node_modules\firebase-tools\lib\deploy\functions\release\fabricator.js:48:11
    at process.processTicksAndRejections (node:internal/process/task_queues:95:5)
    at async Fabricator.updateV1Function (C:\Users\Mohamed Abuabied\AppData\Roaming\npm\node_modules\firebase-tools\lib\deploy\functions\release\fabricator.js:328:32)
    at async Fabricator.updateEndpoint (C:\Users\Mohamed Abuabied\AppData\Roaming\npm\node_modules\firebase-tools\lib\deploy\functions\release\fabricator.js:147:13)
    at async handle (C:\Users\Mohamed Abuabied\AppData\Roaming\npm\node_modules\firebase-tools\lib\deploy\functions\release\fabricator.js:85:17)
[error] 
[error] Error: There was an error deploying functions
